-------------------------------------------------------------------------------
>Log Session: Tuesday, November 19, 2019 2:53:26 PM BRT
>System Info: 
  Product Version         = Apache NetBeans IDE 11.2 Portable
  Operating System        = Windows 10 version 10.0 running on amd64
  Java; VM; Vendor        = 1.8.0_232; OpenJDK 64-Bit Server VM 25.232-b09; Oracle Corporation
  Runtime                 = OpenJDK Runtime Environment 1.8.0_232-b09
  Java Home               = C:\Users\tpedroso\Desktop\PortableNetbeans\jdks\jdk8\jre
  System Locale; Encoding = pt_BR (nb); Cp1252
  Home Directory          = C:\Users\tpedroso
  Current Directory       = C:\Users\tpedroso\Desktop\PortableNetbeans
  User Directory          = C:\Users\tpedroso\Desktop\PortableNetbeans\user
  Cache Directory         = C:\Users\tpedroso\Desktop\PortableNetbeans\user
  Installation            = C:\Users\tpedroso\Desktop\PortableNetbeans\netbeans\nb
                            C:\Users\tpedroso\Desktop\PortableNetbeans\netbeans\ergonomics
                            C:\Users\tpedroso\Desktop\PortableNetbeans\netbeans\ide
                            C:\Users\tpedroso\Desktop\PortableNetbeans\netbeans\extide
                            C:\Users\tpedroso\Desktop\PortableNetbeans\netbeans\java
                            C:\Users\tpedroso\Desktop\PortableNetbeans\netbeans\apisupport
                            C:\Users\tpedroso\Desktop\PortableNetbeans\netbeans\webcommon
                            C:\Users\tpedroso\Desktop\PortableNetbeans\netbeans\websvccommon
                            C:\Users\tpedroso\Desktop\PortableNetbeans\netbeans\enterprise
                            C:\Users\tpedroso\Desktop\PortableNetbeans\netbeans\profiler
                            C:\Users\tpedroso\Desktop\PortableNetbeans\netbeans\php
                            C:\Users\tpedroso\Desktop\PortableNetbeans\netbeans\harness
                            C:\Users\tpedroso\Desktop\PortableNetbeans\netbeans\groovy
                            C:\Users\tpedroso\Desktop\PortableNetbeans\netbeans\javafx
                            C:\Users\tpedroso\Desktop\PortableNetbeans\netbeans\platform
  Boot & Ext. Classpath   = C:\Users\tpedroso\Desktop\PortableNetbeans\jdks\jdk8\jre\lib\resources.jar;C:\Users\tpedroso\Desktop\PortableNetbeans\jdks\jdk8\jre\lib\rt.jar;C:\Users\tpedroso\Desktop\PortableNetbeans\jdks\jdk8\jre\lib\sunrsasign.jar;C:\Users\tpedroso\Desktop\PortableNetbeans\jdks\jdk8\jre\lib\jsse.jar;C:\Users\tpedroso\Desktop\PortableNetbeans\jdks\jdk8\jre\lib\jce.jar;C:\Users\tpedroso\Desktop\PortableNetbeans\jdks\jdk8\jre\lib\charsets.jar;C:\Users\tpedroso\Desktop\PortableNetbeans\jdks\jdk8\jre\lib\jfr.jar;C:\Users\tpedroso\Desktop\PortableNetbeans\jdks\jdk8\jre\classes;C:\Users\tpedroso\Desktop\PortableNetbeans\jdks\jdk8\jre\lib\ext\access-bridge-64.jar;C:\Users\tpedroso\Desktop\PortableNetbeans\jdks\jdk8\jre\lib\ext\cldrdata.jar;C:\Users\tpedroso\Desktop\PortableNetbeans\jdks\jdk8\jre\lib\ext\dnsns.jar;C:\Users\tpedroso\Desktop\PortableNetbeans\jdks\jdk8\jre\lib\ext\jaccess.jar;C:\Users\tpedroso\Desktop\PortableNetbeans\jdks\jdk8\jre\lib\ext\localedata.jar;C:\Users\tpedroso\Desktop\PortableNetbeans\jdks\jdk8\jre\lib\ext\nashorn.jar;C:\Users\tpedroso\Desktop\PortableNetbeans\jdks\jdk8\jre\lib\ext\sunec.jar;C:\Users\tpedroso\Desktop\PortableNetbeans\jdks\jdk8\jre\lib\ext\sunjce_provider.jar;C:\Users\tpedroso\Desktop\PortableNetbeans\jdks\jdk8\jre\lib\ext\sunmscapi.jar;C:\Users\tpedroso\Desktop\PortableNetbeans\jdks\jdk8\jre\lib\ext\sunpkcs11.jar;C:\Users\tpedroso\Desktop\PortableNetbeans\jdks\jdk8\jre\lib\ext\zipfs.jar
  Application Classpath   = C:\Users\tpedroso\Desktop\PortableNetbeans\netbeans\platform\lib\boot.jar;C:\Users\tpedroso\Desktop\PortableNetbeans\netbeans\platform\lib\org-openide-modules.jar;C:\Users\tpedroso\Desktop\PortableNetbeans\netbeans\platform\lib\org-openide-util-lookup.jar;C:\Users\tpedroso\Desktop\PortableNetbeans\netbeans\platform\lib\org-openide-util-ui.jar;C:\Users\tpedroso\Desktop\PortableNetbeans\netbeans\platform\lib\org-openide-util.jar;./jdks/jdk8\lib\dt.jar;./jdks/jdk8\lib\tools.jar
  Startup Classpath       = C:\Users\tpedroso\Desktop\PortableNetbeans\netbeans\platform\core\asm-all-5.0.1.jar;C:\Users\tpedroso\Desktop\PortableNetbeans\netbeans\platform\core\core-base.jar;C:\Users\tpedroso\Desktop\PortableNetbeans\netbeans\platform\core\core.jar;C:\Users\tpedroso\Desktop\PortableNetbeans\netbeans\platform\core\org-netbeans-libs-asm.jar;C:\Users\tpedroso\Desktop\PortableNetbeans\netbeans\platform\core\org-openide-filesystems-compat8.jar;C:\Users\tpedroso\Desktop\PortableNetbeans\netbeans\platform\core\org-openide-filesystems.jar;C:\Users\tpedroso\Desktop\PortableNetbeans\netbeans\nb\core\org-netbeans-upgrader.jar;C:\Users\tpedroso\Desktop\PortableNetbeans\netbeans\nb\core\locale\core_nb.jar
-------------------------------------------------------------------------------
WARNING [org.netbeans.core.startup.NbEvents]: The extension C:\Users\tpedroso\Desktop\PortableNetbeans\netbeans\ide\modules\ext\jcodings-1.0.18.jar may be multiply loaded by modules: [C:\Users\tpedroso\Desktop\PortableNetbeans\netbeans\ide\modules\org-netbeans-libs-bytelist.jar, C:\Users\tpedroso\Desktop\PortableNetbeans\netbeans\ide\modules\org-netbeans-modules-textmate-lexer.jar]; see: http://www.netbeans.org/download/dev/javadoc/org-openide-modules/org/openide/modules/doc-files/classpath.html#class-path
INFO [org.netbeans.modules.netbinox]: Install area set to file:/C:/Users/tpedroso/Desktop/PortableNetbeans/netbeans/
WARNING [org.netbeans.core.modules]: the modules [org.netbeans.modules.java.editor.lib, org.netbeans.modules.xml.text] use org.netbeans.modules.editor.deprecated.pre65formatting which is deprecated.
WARNING [org.netbeans.core.modules]: the modules [org.netbeans.modules.ide.kit, org.netbeans.modules.xml.text] use org.netbeans.modules.editor.structure which is deprecated.
WARNING [org.netbeans.core.modules]: the modules [org.netbeans.modules.ant.hints, org.netbeans.modules.java.hints, org.netbeans.modules.maven.hints] use org.netbeans.modules.java.hints.legacy.spi which is deprecated: Use Java Hints SPI (org.netbeans.spi.java.hints) instead.
WARNING [org.openide.filesystems.Ordering]: Found same position 127 for both Services/MIMEResolver/org-netbeans-modules-javascript-nodejs-file-PackageLockJsonDataObject-Registration.xml and Services/MIMEResolver/org-netbeans-modules-javascript-nodejs-file-NpmDebugLogDataObject-Registration.xml
WARNING [org.openide.filesystems.Ordering]: Found same position 127 for both Services/MIMEResolver/org-netbeans-modules-javascript-nodejs-file-PackageLockJsonDataObject-Registration.xml and Services/MIMEResolver/org-netbeans-modules-javascript-nodejs-file-PackageJsonDataObject-Registration.xml
WARNING [org.openide.filesystems.Ordering]: Found same position 127 for both Services/MIMEResolver/org-netbeans-modules-javascript-nodejs-file-NpmDebugLogDataObject-Registration.xml and Services/MIMEResolver/org-netbeans-modules-javascript-nodejs-file-PackageJsonDataObject-Registration.xml
WARNING [null]: Last record repeated again.
WARNING [org.openide.filesystems.Ordering]: Found same position 127 for both Services/MIMEResolver/org-netbeans-modules-javascript-nodejs-file-NpmDebugLogDataObject-Registration.xml and Services/MIMEResolver/org-netbeans-modules-javascript-nodejs-file-PackageLockJsonDataObject-Registration.xml
WARNING [org.openide.filesystems.Ordering]: Found same position 127 for both Services/MIMEResolver/org-netbeans-modules-javascript-nodejs-file-PackageJsonDataObject-Registration.xml and Services/MIMEResolver/org-netbeans-modules-javascript-nodejs-file-PackageLockJsonDataObject-Registration.xml
INFO [com.revivius.nb.darcula.DarculaLFCustoms]: Can not find class, will not be able to replace its field...
java.lang.ClassNotFoundException: org.netbeans.modules.web.core.syntax.completion.api.JspCompletionItem
	at java.net.URLClassLoader.findClass(URLClassLoader.java:382)
	at java.lang.ClassLoader.loadClass(ClassLoader.java:418)
	at sun.misc.Launcher$AppClassLoader.loadClass(Launcher.java:352)
	at java.lang.ClassLoader.loadClass(ClassLoader.java:351)
	at org.netbeans.ProxyClassLoader.loadClass(ProxyClassLoader.java:197)
Caused: java.lang.ClassNotFoundException: org.netbeans.modules.web.core.syntax.completion.api.JspCompletionItem starting from SystemClassLoader[577 modules] with possible defining loaders null and declared parents [org.netbeans.MainImpl$BootClassLoader@548c4f57, org.netbeans.JarClassLoader@58e95b38, ModuleCL@79beb127[org.netbeans.api.annotations.common], ModuleCL@7524b792[org.openide.awt], ModuleCL@597eaba[org.netbeans.api.progress], ModuleCL@54fd3b49[org.netbeans.api.progress.nb], ModuleCL@2b4cf40f[org.openide.dialogs], ModuleCL@390b7ace[org.openide.nodes], ModuleCL@445b8b0c[org.openide.windows], ModuleCL@2b8b318d[org.netbeans.modules.editor.mimelookup], ...552 more]
	at org.netbeans.ProxyClassLoader.loadClass(ProxyClassLoader.java:199)
	at org.netbeans.ModuleManager$SystemClassLoader.loadClass(ModuleManager.java:769)
	at java.lang.ClassLoader.loadClass(ClassLoader.java:351)
[catch] at com.revivius.nb.darcula.DarculaLFCustoms.replaceFieldValue(DarculaLFCustoms.java:751)
	at com.revivius.nb.darcula.DarculaLFCustoms.replaceJSPCompletionColor(DarculaLFCustoms.java:683)
	at com.revivius.nb.darcula.DarculaLFCustoms.createLookAndFeelCustomizationKeysAndValues(DarculaLFCustoms.java:291)
	at org.netbeans.swing.plaf.LFCustoms.getLookAndFeelCustomizationKeysAndValues(LFCustoms.java:171)
	at org.netbeans.swing.plaf.Startup.installLFCustoms(Startup.java:334)
	at org.netbeans.swing.plaf.Startup.installPerLFDefaults(Startup.java:250)
	at org.netbeans.swing.plaf.Startup.install(Startup.java:228)
	at org.netbeans.swing.plaf.Startup.run(Startup.java:536)
	at org.netbeans.core.CoreBridgeImpl$1$1.run(CoreBridgeImpl.java:112)
	at java.awt.event.InvocationEvent.dispatch(InvocationEvent.java:311)
	at java.awt.EventQueue.dispatchEventImpl(EventQueue.java:758)
	at java.awt.EventQueue.access$500(EventQueue.java:97)
	at java.awt.EventQueue$3.run(EventQueue.java:709)
	at java.awt.EventQueue$3.run(EventQueue.java:703)
	at java.security.AccessController.doPrivileged(Native Method)
	at java.security.ProtectionDomain$JavaSecurityAccessImpl.doIntersectionPrivilege(ProtectionDomain.java:74)
	at java.awt.EventQueue.dispatchEvent(EventQueue.java:728)
	at java.awt.EventDispatchThread.pumpOneEventForFilters(EventDispatchThread.java:205)
	at java.awt.EventDispatchThread.pumpEventsForFilter(EventDispatchThread.java:116)
	at java.awt.EventDispatchThread.pumpEventsForHierarchy(EventDispatchThread.java:105)
	at java.awt.EventDispatchThread.pumpEvents(EventDispatchThread.java:101)
	at java.awt.EventDispatchThread.pumpEvents(EventDispatchThread.java:93)
	at java.awt.EventDispatchThread.run(EventDispatchThread.java:82)
WARNING [org.netbeans.modules.java.j2seplatform.libraries.J2SELibraryTypeProvider]: Can not resolve URL: nbinst://org.netbeans.modules.j2ee.eclipselink/modules/ext/docs/javax.persistence-2.1.0-doc.zip
WARNING [null]: Last record repeated again.
WARNING [org.netbeans.modules.java.j2seplatform.libraries.J2SELibraryTypeProvider]: Can not resolve URL: nbinst://org.netbeans.modules.j2ee.eclipselink/modules/ext/eclipselink/eclipselink.jar
WARNING [null]: Last record repeated again.
WARNING [org.netbeans.modules.java.j2seplatform.libraries.J2SELibraryTypeProvider]: Can not resolve URL: nbinst://org.netbeans.libs.javacapi/modules/ext/nb-javac-api.jar
WARNING [org.netbeans.modules.java.j2seplatform.libraries.J2SELibraryTypeProvider]: Can not resolve URL: nbinst://org.netbeans.libs.jaxb/modules/ext/jaxb/jaxb-impl.jar
WARNING [org.netbeans.modules.java.j2seplatform.libraries.J2SELibraryTypeProvider]: Can not resolve URL: nbinst://org.netbeans.libs.jaxb/modules/ext/jaxb/jaxb-xjc.jar
WARNING [org.netbeans.modules.java.j2seplatform.libraries.J2SELibraryTypeProvider]: Can not resolve URL: nbinst://org.netbeans.modules.xml.jaxb.api/modules/ext/jaxb/api/jsr173_1.0_api.jar
WARNING [org.netbeans.modules.java.j2seplatform.libraries.J2SELibraryTypeProvider]: Can not resolve URL: nbinst://org.netbeans.libs.jaxb/modules/ext/jaxb/jaxb-impl.jar
WARNING [org.netbeans.modules.java.j2seplatform.libraries.J2SELibraryTypeProvider]: Can not resolve URL: nbinst://org.netbeans.libs.jaxb/modules/ext/jaxb/jaxb-xjc.jar
WARNING [org.netbeans.modules.java.j2seplatform.libraries.J2SELibraryTypeProvider]: Can not resolve URL: nbinst://org.netbeans.modules.xml.jaxb.api/modules/ext/jaxb/api/jsr173_1.0_api.jar
INFO [org.netbeans.core.startup.NbEvents]: Turning on modules:
	org.openide.util.lookup [8.39 11.2-d04fb24027334c4b6fd8397b5d0cdd33187a8f54]
	org.openide.util [9.13 11.2-d04fb24027334c4b6fd8397b5d0cdd33187a8f54]
	org.openide.util.ui [9.14 11.2-d04fb24027334c4b6fd8397b5d0cdd33187a8f54]
	org.openide.modules [7.54 11.2-d04fb24027334c4b6fd8397b5d0cdd33187a8f54]
	org.netbeans.api.annotations.common/1 [1.33 11.2-d04fb24027334c4b6fd8397b5d0cdd33187a8f54]
	org.openide.filesystems [9.16 11.2-d04fb24027334c4b6fd8397b5d0cdd33187a8f54]
	org.openide.awt [7.74 11.2-d04fb24027334c4b6fd8397b5d0cdd33187a8f54]
	org.netbeans.api.progress/1 [1.53 11.2-d04fb24027334c4b6fd8397b5d0cdd33187a8f54]
	org.netbeans.api.progress.nb [1.53 11.2-d04fb24027334c4b6fd8397b5d0cdd33187a8f54]
	org.openide.dialogs [7.48 11.2-d04fb24027334c4b6fd8397b5d0cdd33187a8f54]
	org.openide.nodes [7.51 11.2-d04fb24027334c4b6fd8397b5d0cdd33187a8f54]
	org.openide.windows [6.83 11.2-d04fb24027334c4b6fd8397b5d0cdd33187a8f54]
	org.netbeans.modules.editor.mimelookup/1 [1.46 11.2-d04fb24027334c4b6fd8397b5d0cdd33187a8f54]
	org.openide.text [6.73 11.2-d04fb24027334c4b6fd8397b5d0cdd33187a8f54]
	org.netbeans.api.scripting [1.3 11.2-d04fb24027334c4b6fd8397b5d0cdd33187a8f54]
	org.netbeans.swing.tabcontrol [1.62 11.2-d04fb24027334c4b6fd8397b5d0cdd33187a8f54]
	org.netbeans.swing.outline [1.40 11.2-d04fb24027334c4b6fd8397b5d0cdd33187a8f54]
	org.openide.explorer [6.68 11.2-d04fb24027334c4b6fd8397b5d0cdd33187a8f54]
	org.openide.actions [6.45 11.2-d04fb24027334c4b6fd8397b5d0cdd33187a8f54]
	org.netbeans.modules.queries/1 [1.49 11.2-d04fb24027334c4b6fd8397b5d0cdd33187a8f54]
	org.netbeans.api.templates [1.14 11.2-d04fb24027334c4b6fd8397b5d0cdd33187a8f54]
	org.openide.filesystems.nb [9.16 11.2-d04fb24027334c4b6fd8397b5d0cdd33187a8f54]
	org.openide.loaders [7.73 11.2-d04fb24027334c4b6fd8397b5d0cdd33187a8f54]
	org.netbeans.api.intent [1.8 11.2-d04fb24027334c4b6fd8397b5d0cdd33187a8f54]
	org.netbeans.api.io [1.9 11.2-d04fb24027334c4b6fd8397b5d0cdd33187a8f54]
	org.openide.io [1.55 11.2-d04fb24027334c4b6fd8397b5d0cdd33187a8f54]
	org.openide.filesystems.compat8 [9.15 11.2-d04fb24027334c4b6fd8397b5d0cdd33187a8f54]
	org.openide.execution [9.9 11.2-d04fb24027334c4b6fd8397b5d0cdd33187a8f54]
	org.openide.execution.compat8 [9.8 11.2-d04fb24027334c4b6fd8397b5d0cdd33187a8f54]
	org.netbeans.upgrader [4.41 11.2-d04fb24027334c4b6fd8397b5d0cdd33187a8f54]
	org.netbeans.swing.plaf [1.47 11.2-d04fb24027334c4b6fd8397b5d0cdd33187a8f54]
	org.netbeans.modules.projectapi/1 [1.73 11.2-d04fb24027334c4b6fd8397b5d0cdd33187a8f54]
	org.netbeans.swing.dirchooser [1.35 11.2-d04fb24027334c4b6fd8397b5d0cdd33187a8f54]
	org.netbeans.spi.viewmodel/2 [1.57 11.2-d04fb24027334c4b6fd8397b5d0cdd33187a8f54]
	org.netbeans.spi.tasklist/1 [1.41.0.1 1 11.2-d04fb24027334c4b6fd8397b5d0cdd33187a8f54]
	org.netbeans.spi.quicksearch [1.33 11.2-d04fb24027334c4b6fd8397b5d0cdd33187a8f54]
	org.netbeans.spi.palette/1 [1.52 11.2-d04fb24027334c4b6fd8397b5d0cdd33187a8f54]
	org.netbeans.spi.navigator/1 [1.44 11.2-d04fb24027334c4b6fd8397b5d0cdd33187a8f54]
	org.netbeans.modules.editor.util/1 [1.71 11.2-d04fb24027334c4b6fd8397b5d0cdd33187a8f54]
	org.netbeans.modules.editor.settings.lib [1.57.0.1 1 11.2-d04fb24027334c4b6fd8397b5d0cdd33187a8f54]
	org.netbeans.modules.editor.settings/1 [1.63 11.2-d04fb24027334c4b6fd8397b5d0cdd33187a8f54]
	org.netbeans.modules.lexer/2 [1.69.0.1 1 11.2-d04fb24027334c4b6fd8397b5d0cdd33187a8f54]
	org.netbeans.modules.editor.fold/1 [1.51 11.2-d04fb24027334c4b6fd8397b5d0cdd33187a8f54]
	org.netbeans.modules.editor.document [1.15.0.3 3 11.2-d04fb24027334c4b6fd8397b5d0cdd33187a8f54]
	org.netbeans.modules.editor.lib2/1 [2.26.0.55.3 55 11.2-d04fb24027334c4b6fd8397b5d0cdd33187a8f54]
	org.netbeans.modules.editor.guards/1 [1.39 11.2-d04fb24027334c4b6fd8397b5d0cdd33187a8f54]
	org.netbeans.modules.editor.indent/2 [1.49 11.2-d04fb24027334c4b6fd8397b5d0cdd33187a8f54]
	org.netbeans.modules.editor.lib/3 [4.13.0.23.3.55 23 11.2-d04fb24027334c4b6fd8397b5d0cdd33187a8f54]
	org.netbeans.modules.keyring [1.30 11.2-d04fb24027334c4b6fd8397b5d0cdd33187a8f54]
	org.netbeans.libs.asm [5.9 11.2-d04fb24027334c4b6fd8397b5d0cdd33187a8f54]
	org.netbeans.bootstrap/1 [2.84 11.2-d04fb24027334c4b6fd8397b5d0cdd33187a8f54]
	org.netbeans.core.startup.base [1.68.0.1 1 11.2-d04fb24027334c4b6fd8397b5d0cdd33187a8f54]
	org.netbeans.core.startup/1 [1.68.0.1 11.2-d04fb24027334c4b6fd8397b5d0cdd33187a8f54]
	org.netbeans.modules.sampler [1.20 11.2-d04fb24027334c4b6fd8397b5d0cdd33187a8f54]
	org.netbeans.core/2 [3.57 11.2-d04fb24027334c4b6fd8397b5d0cdd33187a8f54]
	org.netbeans.modules.options.api/1 [1.51 11.2-d04fb24027334c4b6fd8397b5d0cdd33187a8f54]
	org.netbeans.modules.options.keymap [1.43 11.2-d04fb24027334c4b6fd8397b5d0cdd33187a8f54]
	org.netbeans.modules.editor.settings.storage/1 [1.57.0.1 11.2-d04fb24027334c4b6fd8397b5d0cdd33187a8f54]
	org.netbeans.modules.editor.fold.nbui [1.18.0.55 11.2-d04fb24027334c4b6fd8397b5d0cdd33187a8f54]
	org.netbeans.modules.editor/3 [1.93.0.6.3.23.55 6 11.2-d04fb24027334c4b6fd8397b5d0cdd33187a8f54]
	org.netbeans.libs.javacapi [8.27.0.3 3 11.2-d04fb24027334c4b6fd8397b5d0cdd33187a8f54]
	org.netbeans.modules.nbjavac.api [2.0 191019]
	org.netbeans.libs.javacimpl/1 [0.53.0.25 25 11.2-d04fb24027334c4b6fd8397b5d0cdd33187a8f54]
	org.netbeans.lib.nbjavac [1.22.0.3.25 3 11.2-d04fb24027334c4b6fd8397b5d0cdd33187a8f54]
	org.netbeans.modules.editor.errorstripe.api/1 [2.38.0.1 1 11.2-d04fb24027334c4b6fd8397b5d0cdd33187a8f54]
	org.netbeans.api.java.classpath/1 [1.60 11.2-d04fb24027334c4b6fd8397b5d0cdd33187a8f54]
	org.netbeans.api.java/1 [1.71 11.2-d04fb24027334c4b6fd8397b5d0cdd33187a8f54]
	org.netbeans.modules.java.platform/1 [1.48 11.2-d04fb24027334c4b6fd8397b5d0cdd33187a8f54]
	org.netbeans.modules.options.editor/1 [1.66 11.2-d04fb24027334c4b6fd8397b5d0cdd33187a8f54]
	org.netbeans.modules.editor.errorstripe/2 [2.40.0.1.1 1 11.2-d04fb24027334c4b6fd8397b5d0cdd33187a8f54]
	org.netbeans.modules.diff/1 [1.57.0.42.1 42 11.2-d04fb24027334c4b6fd8397b5d0cdd33187a8f54]
	org.netbeans.libs.lucene/3 [3.25 11.2-d04fb24027334c4b6fd8397b5d0cdd33187a8f54]
	org.netbeans.modules.masterfs/2 [2.61.0.2 2 11.2-d04fb24027334c4b6fd8397b5d0cdd33187a8f54]
	org.netbeans.modules.parsing.lucene/2 [2.41.0.1 1 11.2-d04fb24027334c4b6fd8397b5d0cdd33187a8f54]
	org.netbeans.modules.parsing.api/1 [9.13.0.8 8 11.2-d04fb24027334c4b6fd8397b5d0cdd33187a8f54]
	org.netbeans.modules.projectuiapi.base/1 [1.91.0.9 9 11.2-d04fb24027334c4b6fd8397b5d0cdd33187a8f54]
	org.netbeans.modules.project.indexingbridge [1.23 11.2-d04fb24027334c4b6fd8397b5d0cdd33187a8f54]
	org.netbeans.modules.parsing.indexing [9.14.0.1.3.8 1 11.2-d04fb24027334c4b6fd8397b5d0cdd33187a8f54]
	org.netbeans.modules.refactoring.api [1.53.0.1 1 11.2-d04fb24027334c4b6fd8397b5d0cdd33187a8f54]
	org.netbeans.modules.classfile/1 [1.58 11.2-d04fb24027334c4b6fd8397b5d0cdd33187a8f54]
	org.netbeans.modules.editor.indent.support [1.48 11.2-d04fb24027334c4b6fd8397b5d0cdd33187a8f54]
	org.netbeans.core.multiview/1 [1.50 11.2-d04fb24027334c4b6fd8397b5d0cdd33187a8f54]
	org.netbeans.modules.java.lexer/1 [1.41 11.2-d04fb24027334c4b6fd8397b5d0cdd33187a8f54]
	org.netbeans.modules.java.preprocessorbridge [1.55.0.1 1 11.2-d04fb24027334c4b6fd8397b5d0cdd33187a8f54]
	org.netbeans.modules.java.source.base [2.43.0.5.3.25.8.1 5 11.2-d04fb24027334c4b6fd8397b5d0cdd33187a8f54]
	org.netbeans.modules.autoupdate.services [1.59 11.2-d04fb24027334c4b6fd8397b5d0cdd33187a8f54]
	org.netbeans.modules.autoupdate.ui [1.51 11.2-d04fb24027334c4b6fd8397b5d0cdd33187a8f54]
	org.netbeans.modules.projectuiapi/1 [1.94.0.8 8 11.2-d04fb24027334c4b6fd8397b5d0cdd33187a8f54]
	org.netbeans.modules.editor.indent.project/0 [1.28 11.2-d04fb24027334c4b6fd8397b5d0cdd33187a8f54]
	org.netbeans.modules.java.source [0.170.0.32.3.25.5.1 32 11.2-d04fb24027334c4b6fd8397b5d0cdd33187a8f54]
	org.netbeans.modules.project.spi.intern [1.9 11.2-d04fb24027334c4b6fd8397b5d0cdd33187a8f54]
	org.netbeans.modules.project.libraries/1 [1.59 11.2-d04fb24027334c4b6fd8397b5d0cdd33187a8f54]
	org.apache.xml.resolver [1.37.0.12 12 11.2-d04fb24027334c4b6fd8397b5d0cdd33187a8f54]
	org.netbeans.api.xml/1 [1.50 11.2-d04fb24027334c4b6fd8397b5d0cdd33187a8f54]
	org.netbeans.modules.xml.catalog/2 [3.10.0.4 4 11.2-d04fb24027334c4b6fd8397b5d0cdd33187a8f54]
	org.netbeans.modules.project.libraries.ui/1 [1.58 11.2-d04fb24027334c4b6fd8397b5d0cdd33187a8f54]
	org.netbeans.modules.project.ant/1 [1.73 11.2-d04fb24027334c4b6fd8397b5d0cdd33187a8f54]
	org.netbeans.modules.java.project/1 [1.78 11.2-d04fb24027334c4b6fd8397b5d0cdd33187a8f54]
	org.netbeans.modules.settings/1 [1.55 11.2-d04fb24027334c4b6fd8397b5d0cdd33187a8f54]
	org.netbeans.spi.editor.hints/0 [1.48.0.7.55 7 11.2-d04fb24027334c4b6fd8397b5d0cdd33187a8f54]
	org.netbeans.core.windows/2 [2.89 11.2-d04fb24027334c4b6fd8397b5d0cdd33187a8f54]
	org.netbeans.modules.code.analysis/0 [1.32 11.2-d04fb24027334c4b6fd8397b5d0cdd33187a8f54]
	org.netbeans.spi.java.hints [1.36.0.13.3.25.32.5.8 13 11.2-d04fb24027334c4b6fd8397b5d0cdd33187a8f54]
	org.netbeans.modules.editor.tools.storage [1.14 11.2-d04fb24027334c4b6fd8397b5d0cdd33187a8f54]
	org.netbeans.spi.editor.hints.projects [1.17.0.1.7 1 11.2-d04fb24027334c4b6fd8397b5d0cdd33187a8f54]
	org.netbeans.api.debugger/1 [1.61 11.2-d04fb24027334c4b6fd8397b5d0cdd33187a8f54]
	org.netbeans.spi.debugger.ui/1 [2.60 11.2-d04fb24027334c4b6fd8397b5d0cdd33187a8f54]
	org.netbeans.api.debugger.jpda/2 [3.13 11.2-d04fb24027334c4b6fd8397b5d0cdd33187a8f54]
	org.netbeans.spi.debugger.jpda.ui [3.9 11.2-d04fb24027334c4b6fd8397b5d0cdd33187a8f54]
	org.netbeans.modules.xml.core/2 [1.49.0.4 4 11.2-d04fb24027334c4b6fd8397b5d0cdd33187a8f54]
	org.netbeans.modules.xml.xam/1 [1.38.0.1 1 11.2-d04fb24027334c4b6fd8397b5d0cdd33187a8f54]
	org.netbeans.api.xml.ui/1 [1.50 11.2-d04fb24027334c4b6fd8397b5d0cdd33187a8f54]
	org.netbeans.modules.xml.retriever/1 [1.37 11.2-d04fb24027334c4b6fd8397b5d0cdd33187a8f54]
	org.netbeans.modules.xml.schema.model/1 [1.38.0.1 1 11.2-d04fb24027334c4b6fd8397b5d0cdd33187a8f54]
	org.netbeans.modules.xml.axi [1.39 11.2-d04fb24027334c4b6fd8397b5d0cdd33187a8f54]
	org.netbeans.modules.editor.breadcrumbs/0 [1.23 11.2-d04fb24027334c4b6fd8397b5d0cdd33187a8f54]
	org.netbeans.modules.editor.bracesmatching/0 [1.45.0.55 11.2-d04fb24027334c4b6fd8397b5d0cdd33187a8f54]
	org.netbeans.modules.editor.deprecated.pre65formatting/0 [1.37.0.1.6.23.55 1 11.2-d04fb24027334c4b6fd8397b5d0cdd33187a8f54]
	org.netbeans.modules.editor.completion/1 [1.50.0.2 2 11.2-d04fb24027334c4b6fd8397b5d0cdd33187a8f54]
	org.netbeans.modules.editor.codetemplates/1 [1.49.0.1 1 11.2-d04fb24027334c4b6fd8397b5d0cdd33187a8f54]
	org.netbeans.modules.editor.actions/1 [1.37.0.55 11.2-d04fb24027334c4b6fd8397b5d0cdd33187a8f54]
	org.netbeans.modules.csl.types/1 [1.6 11.2-d04fb24027334c4b6fd8397b5d0cdd33187a8f54]
	org.netbeans.core.ui/1 [1.51 11.2-d04fb24027334c4b6fd8397b5d0cdd33187a8f54]
	org.netbeans.api.search [1.27 11.2-d04fb24027334c4b6fd8397b5d0cdd33187a8f54]
	org.netbeans.modules.jumpto/1 [1.60.0.1 1 11.2-d04fb24027334c4b6fd8397b5d0cdd33187a8f54]
	org.netbeans.modules.csl.api/2 [2.60.0.2.1.1.8.1 2 11.2-d04fb24027334c4b6fd8397b5d0cdd33187a8f54]
	org.netbeans.modules.editor.structure/1 [1.53.0.1 1 11.2-d04fb24027334c4b6fd8397b5d0cdd33187a8f54]
	org.netbeans.modules.xml.lexer [1.36 11.2-d04fb24027334c4b6fd8397b5d0cdd33187a8f54]
	org.netbeans.modules.xml.text/2 [1.65.0.1 1 11.2-d04fb24027334c4b6fd8397b5d0cdd33187a8f54]
	org.netbeans.modules.xml [1.39 11.2-d04fb24027334c4b6fd8397b5d0cdd33187a8f54]
	org.netbeans.modules.servletapi/1 [1.45 11.2-d04fb24027334c4b6fd8397b5d0cdd33187a8f54]
	org.netbeans.modules.httpserver/2 [2.42.0.42 42 11.2-d04fb24027334c4b6fd8397b5d0cdd33187a8f54]
	org.netbeans.modules.xsl/1 [1.50 11.2-d04fb24027334c4b6fd8397b5d0cdd33187a8f54]
	org.netbeans.modules.xml.xdm/1 [1.40.0.1 1 11.2-d04fb24027334c4b6fd8397b5d0cdd33187a8f54]
	org.netbeans.modules.xml.wsdl.model/1 [1.39.0.1 1 11.2-d04fb24027334c4b6fd8397b5d0cdd33187a8f54]
	org.netbeans.libs.xerces/1 [1.44.0.281 281 11.2-d04fb24027334c4b6fd8397b5d0cdd33187a8f54]
	org.netbeans.modules.xml.tax/2 [1.50.0.281 11.2-d04fb24027334c4b6fd8397b5d0cdd33187a8f54]
	org.netbeans.modules.xml.tools/2 [1.49 11.2-d04fb24027334c4b6fd8397b5d0cdd33187a8f54]
	org.netbeans.modules.xml.tools.java [1.35 11.2-d04fb24027334c4b6fd8397b5d0cdd33187a8f54]
	org.netbeans.modules.xml.schema.completion [1.37 11.2-d04fb24027334c4b6fd8397b5d0cdd33187a8f54]
	org.netbeans.modules.xml.multiview/1 [1.44.0.2 2 11.2-d04fb24027334c4b6fd8397b5d0cdd33187a8f54]
	org.netbeans.modules.xml.jaxb.api/1 [1.32 11.2-d04fb24027334c4b6fd8397b5d0cdd33187a8f54]
	org.netbeans.modules.options.java [1.20 11.2-d04fb24027334c4b6fd8397b5d0cdd33187a8f54]
	org.apache.tools.ant.module/3 [3.90.0.2 2 11.2-d04fb24027334c4b6fd8397b5d0cdd33187a8f54]
	org.netbeans.modules.xml.jaxb/1 [1.36 11.2-d04fb24027334c4b6fd8397b5d0cdd33187a8f54]
	org.netbeans.modules.xml.catalog.ui [2.9.0.4 11.2-d04fb24027334c4b6fd8397b5d0cdd33187a8f54]
	org.netbeans.modules.libs.corba.omgapi [1.1 11.2-d04fb24027334c4b6fd8397b5d0cdd33187a8f54]
	org.netbeans.modules.whitelist [1.29 11.2-d04fb24027334c4b6fd8397b5d0cdd33187a8f54]
	org.netbeans.core.execution/1 [1.47 11.2-d04fb24027334c4b6fd8397b5d0cdd33187a8f54]
	org.netbeans.modules.sendopts/2 [2.42 11.2-d04fb24027334c4b6fd8397b5d0cdd33187a8f54]
	org.netbeans.modules.favorites/1 [1.52 11.2-d04fb24027334c4b6fd8397b5d0cdd33187a8f54]
	org.netbeans.modules.projectui [1.64.0.8.9 11.2-d04fb24027334c4b6fd8397b5d0cdd33187a8f54]
	org.netbeans.modules.welcome/1 [1.48 11.2-d04fb24027334c4b6fd8397b5d0cdd33187a8f54]
	org.netbeans.core.ide/1 [1.47 11.2-d04fb24027334c4b6fd8397b5d0cdd33187a8f54]
	org.netbeans.modules.websvc.jaxwsmodelapi/1 [1.33 11.2-d04fb24027334c4b6fd8397b5d0cdd33187a8f54]
	org.netbeans.modules.websvc.saas.api [1.37 11.2-d04fb24027334c4b6fd8397b5d0cdd33187a8f54]
	org.netbeans.modules.websvc.saas.ui [1.34 11.2-d04fb24027334c4b6fd8397b5d0cdd33187a8f54]
	org.netbeans.modules.websvc.saas.codegen [1.36 11.2-d04fb24027334c4b6fd8397b5d0cdd33187a8f54]
	org.netbeans.core.multitabs/1 [1.18.0.1 1 11.2-d04fb24027334c4b6fd8397b5d0cdd33187a8f54]
	org.netbeans.modules.editor.bookmarks/1 [1.43 11.2-d04fb24027334c4b6fd8397b5d0cdd33187a8f54]
	org.netbeans.modules.extexecution.base/2 [1.10 11.2-d04fb24027334c4b6fd8397b5d0cdd33187a8f54]
	org.netbeans.modules.extexecution/2 [1.54 11.2-d04fb24027334c4b6fd8397b5d0cdd33187a8f54]
	org.netbeans.modules.extbrowser/1 [1.59 11.2-d04fb24027334c4b6fd8397b5d0cdd33187a8f54]
	org.netbeans.modules.editor.plain.lib/1 [1.39 11.2-d04fb24027334c4b6fd8397b5d0cdd33187a8f54]
	org.netbeans.modules.terminal [1.33 11.2-d04fb24027334c4b6fd8397b5d0cdd33187a8f54]
	org.netbeans.libs.jna/2 [2.1 11.2-d04fb24027334c4b6fd8397b5d0cdd33187a8f54]
	com.jcraft.jsch [0.1.54 0.1.54]
	org.netbeans.modules.dlight.nativeexecution [1.45.0.1 1 11.2-d04fb24027334c4b6fd8397b5d0cdd33187a8f54]
	org.netbeans.lib.terminalemulator [1.43 11.2-d04fb24027334c4b6fd8397b5d0cdd33187a8f54]
	org.netbeans.modules.terminal.nb [1.6 11.2-d04fb24027334c4b6fd8397b5d0cdd33187a8f54]
	org.netbeans.modules.dlight.terminal [1.29.0.1 1 11.2-d04fb24027334c4b6fd8397b5d0cdd33187a8f54]
	org.netbeans.modules.tasklist.projectint/1 [1.35 11.2-d04fb24027334c4b6fd8397b5d0cdd33187a8f54]
	org.netbeans.modules.tasklist.todo/1 [1.37.0.1 1 11.2-d04fb24027334c4b6fd8397b5d0cdd33187a8f54]
	org.netbeans.modules.tasklist.ui/1 [1.37.0.1.1 1 11.2-d04fb24027334c4b6fd8397b5d0cdd33187a8f54]
	org.netbeans.modules.tasklist.kit [1.34 11.2-d04fb24027334c4b6fd8397b5d0cdd33187a8f54]
	org.netbeans.core.multitabs.project [1.16.0.1.1 1 11.2-d04fb24027334c4b6fd8397b5d0cdd33187a8f54]
	org.netbeans.modules.editor.search [1.31.0.0.55 0 11.2-d04fb24027334c4b6fd8397b5d0cdd33187a8f54]
	org.netbeans.modules.languages.diff [1.39 11.2-d04fb24027334c4b6fd8397b5d0cdd33187a8f54]
	org.netbeans.libs.json_simple/1 [0.18 11.2-d04fb24027334c4b6fd8397b5d0cdd33187a8f54]
	org.netbeans.modules.web.common [1.104 11.2-d04fb24027334c4b6fd8397b5d0cdd33187a8f54]
	org.netbeans.modules.html.lexer/1 [1.44 11.2-d04fb24027334c4b6fd8397b5d0cdd33187a8f54]
	org.netbeans.modules.html.editor.lib/3 [3.38 11.2-d04fb24027334c4b6fd8397b5d0cdd33187a8f54]
	org.apache.commons.logging [1.1.1 1.1.1]
	org.netbeans.modules.html.parser/1 [1.40.0.1 1 11.2-d04fb24027334c4b6fd8397b5d0cdd33187a8f54]
	org.netbeans.modules.html.validation/1 [1.36 11.2-d04fb24027334c4b6fd8397b5d0cdd33187a8f54]
	org.netbeans.modules.languages.manifest [1.38 11.2-d04fb24027334c4b6fd8397b5d0cdd33187a8f54]
	org.netbeans.libs.antlr3.runtime [1.27.0.1 1 11.2-d04fb24027334c4b6fd8397b5d0cdd33187a8f54]
	org.netbeans.modules.css.lib/1 [1.89 11.2-d04fb24027334c4b6fd8397b5d0cdd33187a8f54]
	org.netbeans.modules.web.common.ui [1.7 11.2-d04fb24027334c4b6fd8397b5d0cdd33187a8f54]
	org.netbeans.modules.web.indent [1.26 11.2-d04fb24027334c4b6fd8397b5d0cdd33187a8f54]
	org.netbeans.modules.css.model [1.37 11.2-d04fb24027334c4b6fd8397b5d0cdd33187a8f54]
	org.netbeans.modules.css.editor/1 [1.74 11.2-d04fb24027334c4b6fd8397b5d0cdd33187a8f54]
	org.netbeans.modules.web.browser.api [1.51 11.2-d04fb24027334c4b6fd8397b5d0cdd33187a8f54]
	org.netbeans.modules.html/1 [1.67 11.2-d04fb24027334c4b6fd8397b5d0cdd33187a8f54]
	org.netbeans.modules.html.editor/2 [2.61 11.2-d04fb24027334c4b6fd8397b5d0cdd33187a8f54]
	org.netbeans.core.output2/1 [1.48 11.2-d04fb24027334c4b6fd8397b5d0cdd33187a8f54]
	org.netbeans.modules.css.visual/3 [3.38 11.2-d04fb24027334c4b6fd8397b5d0cdd33187a8f54]
	org.netbeans.modules.properties/1 [1.61 11.2-d04fb24027334c4b6fd8397b5d0cdd33187a8f54]
	org.netbeans.libs.bytelist/1 [0.35.0.1 1 11.2-d04fb24027334c4b6fd8397b5d0cdd33187a8f54]
	org.netbeans.libs.jvyamlb/1 [0.35 11.2-d04fb24027334c4b6fd8397b5d0cdd33187a8f54]
	org.netbeans.modules.languages.yaml [2.38 11.2-d04fb24027334c4b6fd8397b5d0cdd33187a8f54]
	org.netbeans.modules.image/1 [1.54 11.2-d04fb24027334c4b6fd8397b5d0cdd33187a8f54]
	org.netbeans.modules.editor.kit [1.39 11.2-d04fb24027334c4b6fd8397b5d0cdd33187a8f54]
	org.netbeans.modules.print [7.32 11.2-d04fb24027334c4b6fd8397b5d0cdd33187a8f54]
	org.netbeans.modules.autoupdate.cli [1.19 11.2-d04fb24027334c4b6fd8397b5d0cdd33187a8f54]
	org.netbeans.libs.osgi [1.28 11.2-d04fb24027334c4b6fd8397b5d0cdd33187a8f54]
	org.netbeans.libs.felix [2.21 11.2-d04fb24027334c4b6fd8397b5d0cdd33187a8f54]
	org.netbeans.modules.core.kit [1.36 11.2-d04fb24027334c4b6fd8397b5d0cdd33187a8f54]
	org.netbeans.modules.defaults/1 [1.37 11.2-d04fb24027334c4b6fd8397b5d0cdd33187a8f54]
	org.netbeans.modules.print.editor [7.32 11.2-d04fb24027334c4b6fd8397b5d0cdd33187a8f54]
	org.netbeans.modules.utilities/1 [1.67 11.2-d04fb24027334c4b6fd8397b5d0cdd33187a8f54]
	org.netbeans.modules.javahelp/1 [2.47 11.2-d04fb24027334c4b6fd8397b5d0cdd33187a8f54]
	org.netbeans.modules.usersguide/1 [1.54 11.2-d04fb24027334c4b6fd8397b5d0cdd33187a8f54]
	org.netbeans.modules.editor.macros/0 [1.37.0.1.23 1 11.2-d04fb24027334c4b6fd8397b5d0cdd33187a8f54]
	org.netbeans.modules.editor.plain/2 [1.41 11.2-d04fb24027334c4b6fd8397b5d0cdd33187a8f54]
	org.netbeans.modules.ide.kit [1.39 11.2-d04fb24027334c4b6fd8397b5d0cdd33187a8f54]
	org.netbeans.modules.websvc.saas.kit [1.33 11.2-d04fb24027334c4b6fd8397b5d0cdd33187a8f54]
	org.netbeans.modules.websvc.jaxws21api/1 [1.38 11.2-d04fb24027334c4b6fd8397b5d0cdd33187a8f54]
	org.netbeans.libs.jaxb/1 [1.37 11.2-d04fb24027334c4b6fd8397b5d0cdd33187a8f54]
	org.netbeans.modules.websvc.jaxws21/1 [1.38 11.2-d04fb24027334c4b6fd8397b5d0cdd33187a8f54]
	org.netbeans.modules.gsf.testrunner/2 [2.15 11.2-d04fb24027334c4b6fd8397b5d0cdd33187a8f54]
	org.netbeans.modules.gsf.testrunner.ui [1.16 11.2-d04fb24027334c4b6fd8397b5d0cdd33187a8f54]
	org.netbeans.modules.gototest/1 [1.39 11.2-d04fb24027334c4b6fd8397b5d0cdd33187a8f54]
	org.netbeans.modules.gsf.codecoverage [1.38 11.2-d04fb24027334c4b6fd8397b5d0cdd33187a8f54]
	org.netbeans.modules.web.clientproject.api [1.109 11.2-d04fb24027334c4b6fd8397b5d0cdd33187a8f54]
	org.netbeans.modules.web.webkit.debugging [1.59 11.2-d04fb24027334c4b6fd8397b5d0cdd33187a8f54]
	org.netbeans.modules.web.webkit.tooling [1.16 11.2-d04fb24027334c4b6fd8397b5d0cdd33187a8f54]
	org.netbeans.modules.javascript2.debug/1 [1.23 11.2-d04fb24027334c4b6fd8397b5d0cdd33187a8f54]
	org.netbeans.modules.javascript2.debug.ui/1 [1.9 11.2-d04fb24027334c4b6fd8397b5d0cdd33187a8f54]
	org.netbeans.modules.web.javascript.debugger [1.21 11.2-d04fb24027334c4b6fd8397b5d0cdd33187a8f54]
	org.netbeans.modules.web.inspect [0.36 11.2-d04fb24027334c4b6fd8397b5d0cdd33187a8f54]
	org.netbeans.modules.project.ant.ui/1 [1.71 11.2-d04fb24027334c4b6fd8397b5d0cdd33187a8f54]
	org.netbeans.modules.server/0 [1.39 11.2-d04fb24027334c4b6fd8397b5d0cdd33187a8f54]
	org.netbeans.modules.selenium2.server [1.9 11.2-d04fb24027334c4b6fd8397b5d0cdd33187a8f54]
	org.netbeans.modules.selenium2 [1.11 11.2-d04fb24027334c4b6fd8397b5d0cdd33187a8f54]
	org.netbeans.modules.selenium2.webclient [1.13 11.2-d04fb24027334c4b6fd8397b5d0cdd33187a8f54]
	org.netbeans.modules.web.clientproject [1.92 11.2-d04fb24027334c4b6fd8397b5d0cdd33187a8f54]
	org.netbeans.modules.web.client.samples [1.20 11.2-d04fb24027334c4b6fd8397b5d0cdd33187a8f54]
	org.netbeans.modules.javascript.gulp [0.19 11.2-d04fb24027334c4b6fd8397b5d0cdd33187a8f54]
	org.netbeans.modules.javascript2.types/1 [1.6 11.2-d04fb24027334c4b6fd8397b5d0cdd33187a8f54]
	org.netbeans.libs.antlr4.runtime [1.7.0.1 1 11.2-d04fb24027334c4b6fd8397b5d0cdd33187a8f54]
	org.netbeans.modules.javascript2.json [1.9 11.2-d04fb24027334c4b6fd8397b5d0cdd33187a8f54]
	org.netbeans.modules.javascript2.lexer/1 [1.12 11.2-d04fb24027334c4b6fd8397b5d0cdd33187a8f54]
	org.netbeans.libs.nashorn/1 [1.40 11.2-d04fb24027334c4b6fd8397b5d0cdd33187a8f54]
	org.netbeans.modules.javascript2.doc/1 [1.5 11.2-d04fb24027334c4b6fd8397b5d0cdd33187a8f54]
	org.netbeans.modules.javascript2.model/1 [1.10 11.2-d04fb24027334c4b6fd8397b5d0cdd33187a8f54]
	org.netbeans.modules.javascript2.source.query/0 [0.5 11.2-d04fb24027334c4b6fd8397b5d0cdd33187a8f54]
	org.netbeans.modules.javascript.cdnjs/0 [0.13 11.2-d04fb24027334c4b6fd8397b5d0cdd33187a8f54]
	org.netbeans.modules.javascript.bower [0.11 11.2-d04fb24027334c4b6fd8397b5d0cdd33187a8f54]
	org.netbeans.modules.javascript.karma/0 [0.22 11.2-d04fb24027334c4b6fd8397b5d0cdd33187a8f54]
	org.netbeans.lib.v8debug/1 [1.22 11.2-d04fb24027334c4b6fd8397b5d0cdd33187a8f54]
	org.netbeans.modules.javascript.v8debug/1 [1.16.0.1 1 11.2-d04fb24027334c4b6fd8397b5d0cdd33187a8f54]
	org.netbeans.libs.commons_compress/0 [0.12.0.181 181 11.2-d04fb24027334c4b6fd8397b5d0cdd33187a8f54]
	org.netbeans.modules.javascript2.editor/1 [0.79 11.2-d04fb24027334c4b6fd8397b5d0cdd33187a8f54]
	org.netbeans.modules.javascript2.nodejs/0 [0.18 11.2-d04fb24027334c4b6fd8397b5d0cdd33187a8f54]
	org.netbeans.modules.javascript.nodejs/0 [0.35 11.2-d04fb24027334c4b6fd8397b5d0cdd33187a8f54]
	org.netbeans.modules.netserver [1.19 11.2-d04fb24027334c4b6fd8397b5d0cdd33187a8f54]
	org.netbeans.modules.extbrowser.chrome [1.16 11.2-d04fb24027334c4b6fd8397b5d0cdd33187a8f54]
	org.netbeans.modules.javascript.grunt [0.20 11.2-d04fb24027334c4b6fd8397b5d0cdd33187a8f54]
	org.netbeans.libs.jstestdriver [1.16 11.2-d04fb24027334c4b6fd8397b5d0cdd33187a8f54]
	org.netbeans.modules.javascript.jstestdriver [0.18 11.2-d04fb24027334c4b6fd8397b5d0cdd33187a8f54]
	org.netbeans.modules.web.client.kit [1.22 11.2-d04fb24027334c4b6fd8397b5d0cdd33187a8f54]
	org.netbeans.modules.versioning.core/1 [1.37.0.1.42 1 11.2-d04fb24027334c4b6fd8397b5d0cdd33187a8f54]
	org.netbeans.modules.versioning/1 [1.53.0.1 1 11.2-d04fb24027334c4b6fd8397b5d0cdd33187a8f54]
	org.netbeans.modules.spellchecker.apimodule [1.31 11.2-d04fb24027334c4b6fd8397b5d0cdd33187a8f54]
	org.netbeans.modules.versioning.util [1.76.0.42.1 11.2-d04fb24027334c4b6fd8397b5d0cdd33187a8f54]
	org.netbeans.modules.team.commons [1.56 11.2-d04fb24027334c4b6fd8397b5d0cdd33187a8f54]
	org.netbeans.modules.versioning.ui/1 [1.28.0.42.1 11.2-d04fb24027334c4b6fd8397b5d0cdd33187a8f54]
	org.netbeans.modules.versioning.system.cvss.installer [1.22 11.2-d04fb24027334c4b6fd8397b5d0cdd33187a8f54]
	org.netbeans.modules.masterfs.ui [2.9.0.2 11.2-d04fb24027334c4b6fd8397b5d0cdd33187a8f54]
	org.netbeans.modules.versioning.masterfs [1.20 11.2-d04fb24027334c4b6fd8397b5d0cdd33187a8f54]
	org.netbeans.modules.versioning.indexingbridge/0 [1.31 11.2-d04fb24027334c4b6fd8397b5d0cdd33187a8f54]
	org.netbeans.modules.utilities.project/1 [1.44 11.2-d04fb24027334c4b6fd8397b5d0cdd33187a8f54]
	org.netbeans.modules.updatecenters/1 [1.46 11.2-d04fb24027334c4b6fd8397b5d0cdd33187a8f54]
	org.netbeans.lib.uihandler [1.51 11.2-d04fb24027334c4b6fd8397b5d0cdd33187a8f54]
	org.netbeans.modules.uihandler [2.41 11.2-d04fb24027334c4b6fd8397b5d0cdd33187a8f54]
	org.netbeans.modules.uihandler.exceptionreporter [1.35 11.2-d04fb24027334c4b6fd8397b5d0cdd33187a8f54]
	com.google.gson [2.7.0 2.7.0]
	org.netbeans.modules.textmate.lexer/0 [1.4 11.2-d04fb24027334c4b6fd8397b5d0cdd33187a8f54]
	org.netbeans.modules.java.platform.ui/1 [1.48 11.2-d04fb24027334c4b6fd8397b5d0cdd33187a8f54]
	org.netbeans.modules.java.project.ui/1 [1.81 11.2-d04fb24027334c4b6fd8397b5d0cdd33187a8f54]
	org.netbeans.modules.java.sourceui/1 [1.51.0.1.25.32.5 1 11.2-d04fb24027334c4b6fd8397b5d0cdd33187a8f54]
	org.netbeans.modules.java.testrunner [1.26 11.2-d04fb24027334c4b6fd8397b5d0cdd33187a8f54]
	org.netbeans.modules.java.testrunner.ui [1.10 11.2-d04fb24027334c4b6fd8397b5d0cdd33187a8f54]
	org.netbeans.libs.testng/1 [1.20 11.2-d04fb24027334c4b6fd8397b5d0cdd33187a8f54]
	org.netbeans.modules.testng [2.26 11.2-d04fb24027334c4b6fd8397b5d0cdd33187a8f54]
	org.netbeans.modules.testng.ui [1.14 11.2-d04fb24027334c4b6fd8397b5d0cdd33187a8f54]
	org.netbeans.modules.maven.embedder/2 [2.59 11.2-d04fb24027334c4b6fd8397b5d0cdd33187a8f54]
	org.netbeans.modules.maven.indexer/2 [2.45 11.2-d04fb24027334c4b6fd8397b5d0cdd33187a8f54]
	org.apache.commons.codec [1.3.0 1.3.0]
	org.netbeans.modules.maven.model/1 [1.50 11.2-d04fb24027334c4b6fd8397b5d0cdd33187a8f54]
	org.netbeans.modules.java.api.common/0 [1.129 11.2-d04fb24027334c4b6fd8397b5d0cdd33187a8f54]
	org.netbeans.modules.swing.validation/2 [1.38 11.2-d04fb24027334c4b6fd8397b5d0cdd33187a8f54]
	org.netbeans.modules.maven.indexer.ui/2 [2.40 11.2-d04fb24027334c4b6fd8397b5d0cdd33187a8f54]
	org.netbeans.modules.maven/2 [2.135 11.2-d04fb24027334c4b6fd8397b5d0cdd33187a8f54]
	org.netbeans.modules.testng.maven [2.22 11.2-d04fb24027334c4b6fd8397b5d0cdd33187a8f54]
	org.netbeans.modules.java.testrunner.ant [1.8 11.2-d04fb24027334c4b6fd8397b5d0cdd33187a8f54]
	org.netbeans.modules.testng.ant [2.21 11.2-d04fb24027334c4b6fd8397b5d0cdd33187a8f54]
	org.netbeans.modules.templates/1 [1.13 11.2-d04fb24027334c4b6fd8397b5d0cdd33187a8f54]
	org.netbeans.modules.team.ide [1.19 11.2-d04fb24027334c4b6fd8397b5d0cdd33187a8f54]
	org.netbeans.libs.ini4j/1 [1.40 11.2-d04fb24027334c4b6fd8397b5d0cdd33187a8f54]
	org.netbeans.libs.svnClientAdapter/1 [1.46 11.2-d04fb24027334c4b6fd8397b5d0cdd33187a8f54]
	org.netbeans.modules.subversion [1.47.0.42.1 11.2-d04fb24027334c4b6fd8397b5d0cdd33187a8f54]
	org.netbeans.libs.cglib/1 [1.32 11.2-d04fb24027334c4b6fd8397b5d0cdd33187a8f54]
	org.netbeans.libs.springframework/1 [1.43 11.2-d04fb24027334c4b6fd8397b5d0cdd33187a8f54]
	org.netbeans.modules.j2ee.core.utilities/0 [1.39 11.2-d04fb24027334c4b6fd8397b5d0cdd33187a8f54]
	org.netbeans.modules.j2ee.metadata/0 [1.38 11.2-d04fb24027334c4b6fd8397b5d0cdd33187a8f54]
	org.netbeans.modules.ant.browsetask [1.46 11.2-d04fb24027334c4b6fd8397b5d0cdd33187a8f54]
	org.netbeans.modules.ant.debugger/1 [1.43.0.2 11.2-d04fb24027334c4b6fd8397b5d0cdd33187a8f54]
	org.netbeans.modules.ant.freeform/1 [1.52 11.2-d04fb24027334c4b6fd8397b5d0cdd33187a8f54]
	org.netbeans.modules.projectui.buildmenu/1 [1.32.0.1 1 11.2-d04fb24027334c4b6fd8397b5d0cdd33187a8f54]
	org.netbeans.modules.ant.kit [1.35 11.2-d04fb24027334c4b6fd8397b5d0cdd33187a8f54]
	org.netbeans.modules.i18n/1 [1.59 11.2-d04fb24027334c4b6fd8397b5d0cdd33187a8f54]
	org.netbeans.modules.refactoring.java/1 [1.67.0.1.25 1 11.2-d04fb24027334c4b6fd8397b5d0cdd33187a8f54]
	org.netbeans.modules.j2ee.metadata.model.support/1 [1.37 11.2-d04fb24027334c4b6fd8397b5d0cdd33187a8f54]
	org.netbeans.modules.j2ee.persistenceapi/1 [1.42.0.1 1 11.2-d04fb24027334c4b6fd8397b5d0cdd33187a8f54]
	org.netbeans.modules.debugger.jpda.ant [1.44 11.2-d04fb24027334c4b6fd8397b5d0cdd33187a8f54]
	org.netbeans.modules.java.j2seproject/1 [1.93.0.48 48 11.2-d04fb24027334c4b6fd8397b5d0cdd33187a8f54]
	org.netbeans.modules.javawebstart [1.39 11.2-d04fb24027334c4b6fd8397b5d0cdd33187a8f54]
	org.netbeans.libs.junit4 [1.23 11.2-d04fb24027334c4b6fd8397b5d0cdd33187a8f54]
	org.netbeans.modules.junitlib [1.11 11.2-d04fb24027334c4b6fd8397b5d0cdd33187a8f54]
	org.netbeans.modules.junit/2 [2.79 11.2-d04fb24027334c4b6fd8397b5d0cdd33187a8f54]
	org.netbeans.modules.java.freeform/1 [1.49 11.2-d04fb24027334c4b6fd8397b5d0cdd33187a8f54]
	org.netbeans.modules.java.j2seembedded [1.15 11.2-d04fb24027334c4b6fd8397b5d0cdd33187a8f54]
	org.netbeans.modules.java.debug [1.44.0.1.25.5 1 11.2-d04fb24027334c4b6fd8397b5d0cdd33187a8f54]
	org.netbeans.modules.java.examples/1 [1.42 11.2-d04fb24027334c4b6fd8397b5d0cdd33187a8f54]
	org.netbeans.modules.java.hints.ui [1.24.0.1.13 1 11.2-d04fb24027334c4b6fd8397b5d0cdd33187a8f54]
	org.netbeans.modules.java.completion [1.14.0.1 1 11.2-d04fb24027334c4b6fd8397b5d0cdd33187a8f54]
	org.netbeans.modules.java.editor.lib/1 [1.44 11.2-d04fb24027334c4b6fd8397b5d0cdd33187a8f54]
	org.netbeans.modules.java.editor.base [2.71.0.1 1 11.2-d04fb24027334c4b6fd8397b5d0cdd33187a8f54]
	org.netbeans.modules.java.editor/1 [2.73.0.12.1.1.1 12 11.2-d04fb24027334c4b6fd8397b5d0cdd33187a8f54]
	org.netbeans.modules.java.navigation/1 [1.46 11.2-d04fb24027334c4b6fd8397b5d0cdd33187a8f54]
	org.netbeans.modules.findbugs.installer [1.22 11.2-d04fb24027334c4b6fd8397b5d0cdd33187a8f54]
	org.netbeans.modules.java.hints.legacy.spi/1 [1.22.0.1.13 1 11.2-d04fb24027334c4b6fd8397b5d0cdd33187a8f54]
	org.netbeans.modules.java.hints/1 [1.89.0.17.25.12.1.1.32.5.1.13 17 11.2-d04fb24027334c4b6fd8397b5d0cdd33187a8f54]
	org.netbeans.modules.java.hints.declarative/1 [1.26.0.1.17.1.13 1 11.2-d04fb24027334c4b6fd8397b5d0cdd33187a8f54]
	org.netbeans.modules.java.j2seprofiles [1.14 11.2-d04fb24027334c4b6fd8397b5d0cdd33187a8f54]
	org.netbeans.modules.java.j2sedeploy [1.18 11.2-d04fb24027334c4b6fd8397b5d0cdd33187a8f54]
	org.netbeans.modules.java.j2seplatform/1 [1.47 11.2-d04fb24027334c4b6fd8397b5d0cdd33187a8f54]
	org.netbeans.modules.javadoc/1 [1.61.0.2.25 2 11.2-d04fb24027334c4b6fd8397b5d0cdd33187a8f54]
	org.netbeans.modules.nashorn.execution/1 [1.12 11.2-d04fb24027334c4b6fd8397b5d0cdd33187a8f54]
	org.netbeans.modules.beans/1 [1.57.0.1.12 1 11.2-d04fb24027334c4b6fd8397b5d0cdd33187a8f54]
	org.netbeans.modules.java.openjdk.project/1 [1.3 11.2-d04fb24027334c4b6fd8397b5d0cdd33187a8f54]
	org.netbeans.api.visual [2.54 11.2-d04fb24027334c4b6fd8397b5d0cdd33187a8f54]
	org.netbeans.modules.java.graph/1 [1.6 11.2-d04fb24027334c4b6fd8397b5d0cdd33187a8f54]
	org.netbeans.modules.java.module.graph [1.6 11.2-d04fb24027334c4b6fd8397b5d0cdd33187a8f54]
	org.netbeans.modules.spellchecker.bindings.java/1 [1.36 11.2-d04fb24027334c4b6fd8397b5d0cdd33187a8f54]
	org.netbeans.modules.java.source.ant [1.37.0.1.5 1 11.2-d04fb24027334c4b6fd8397b5d0cdd33187a8f54]
	org.netbeans.modules.projectimport.eclipse.core/1 [2.36 11.2-d04fb24027334c4b6fd8397b5d0cdd33187a8f54]
	org.netbeans.modules.java.kit [1.41 11.2-d04fb24027334c4b6fd8397b5d0cdd33187a8f54]
	org.netbeans.modules.spring.beans/0 [1.46.0.1 1 11.2-d04fb24027334c4b6fd8397b5d0cdd33187a8f54]
	org.netbeans.modules.spellchecker [1.41.0.1.7 1 11.2-d04fb24027334c4b6fd8397b5d0cdd33187a8f54]
	org.netbeans.modules.spellchecker.kit [1.31 11.2-d04fb24027334c4b6fd8397b5d0cdd33187a8f54]
	org.netbeans.modules.spellchecker.dictionary_en [1.28 11.2-d04fb24027334c4b6fd8397b5d0cdd33187a8f54]
	org.netbeans.modules.properties.syntax/1 [1.56 11.2-d04fb24027334c4b6fd8397b5d0cdd33187a8f54]
	org.netbeans.modules.spellchecker.bindings.properties [1.28 11.2-d04fb24027334c4b6fd8397b5d0cdd33187a8f54]
	org.netbeans.modules.spellchecker.bindings.htmlxml [1.33 11.2-d04fb24027334c4b6fd8397b5d0cdd33187a8f54]
	org.netbeans.modules.selenium2.webclient.protractor [1.9 11.2-d04fb24027334c4b6fd8397b5d0cdd33187a8f54]
	org.netbeans.modules.selenium2.webclient.mocha [1.12 11.2-d04fb24027334c4b6fd8397b5d0cdd33187a8f54]
	org.netbeans.modules.selenium2.java [1.8 11.2-d04fb24027334c4b6fd8397b5d0cdd33187a8f54]
	org.netbeans.modules.selenium2.maven [1.8 11.2-d04fb24027334c4b6fd8397b5d0cdd33187a8f54]
	org.netbeans.modules.schema2beans/1 [1.53 11.2-d04fb24027334c4b6fd8397b5d0cdd33187a8f54]
	org.netbeans.modules.projectimport.eclipse.j2se [1.34.0.48 11.2-d04fb24027334c4b6fd8397b5d0cdd33187a8f54]
	org.netbeans.modules.projectapi.nb [1.9 11.2-d04fb24027334c4b6fd8397b5d0cdd33187a8f54]
	org.netbeans.modules.project.spi.intern.impl [1.9 11.2-d04fb24027334c4b6fd8397b5d0cdd33187a8f54]
	org.netbeans.modules.project.ant.compat8/1 [1.73 11.2-d04fb24027334c4b6fd8397b5d0cdd33187a8f54]
	org.netbeans.modules.progress.ui [1.39 11.2-d04fb24027334c4b6fd8397b5d0cdd33187a8f54]
	org.netbeans.modules.profiler.utilities/1 [1.43 11.2-d04fb24027334c4b6fd8397b5d0cdd33187a8f54]
	org.netbeans.lib.profiler/1 [1.114 11.2-d04fb24027334c4b6fd8397b5d0cdd33187a8f54]
	org.netbeans.lib.profiler.charts/1 [1.36 11.2-d04fb24027334c4b6fd8397b5d0cdd33187a8f54]
	org.netbeans.lib.profiler.common/1 [1.53 11.2-d04fb24027334c4b6fd8397b5d0cdd33187a8f54]
	org.netbeans.modules.profiler.api/1 [1.56 11.2-d04fb24027334c4b6fd8397b5d0cdd33187a8f54]
	org.netbeans.lib.profiler.ui/1 [1.152 11.2-d04fb24027334c4b6fd8397b5d0cdd33187a8f54]
	org.netbeans.modules.profiler.attach/2 [2.27 11.2-d04fb24027334c4b6fd8397b5d0cdd33187a8f54]
	org.netbeans.modules.profiler/3 [3.35 11.2-d04fb24027334c4b6fd8397b5d0cdd33187a8f54]
	org.netbeans.modules.profiler.snaptracer/1 [1.30 11.2-d04fb24027334c4b6fd8397b5d0cdd33187a8f54]
	org.netbeans.modules.profiler.projectsupport [1.39 11.2-d04fb24027334c4b6fd8397b5d0cdd33187a8f54]
	org.netbeans.modules.profiler.ppoints [1.30 11.2-d04fb24027334c4b6fd8397b5d0cdd33187a8f54]
	org.netbeans.modules.profiler.oql/2 [2.24 11.2-d04fb24027334c4b6fd8397b5d0cdd33187a8f54]
	org.netbeans.modules.profiler.oql.language/0 [0.34 11.2-d04fb24027334c4b6fd8397b5d0cdd33187a8f54]
	org.netbeans.modules.profiler.options [1.25 11.2-d04fb24027334c4b6fd8397b5d0cdd33187a8f54]
	org.netbeans.modules.profiler.nbimpl/1 [1.31 11.2-d04fb24027334c4b6fd8397b5d0cdd33187a8f54]
	org.netbeans.modules.profiler.nbmodule/1 [1.41 11.2-d04fb24027334c4b6fd8397b5d0cdd33187a8f54]
	org.netbeans.modules.profiler.heapwalker [1.118 11.2-d04fb24027334c4b6fd8397b5d0cdd33187a8f54]
	org.netbeans.modules.profiler.kit [1.25 11.2-d04fb24027334c4b6fd8397b5d0cdd33187a8f54]
	org.netbeans.modules.profiler.j2se/1 [1.42 11.2-d04fb24027334c4b6fd8397b5d0cdd33187a8f54]
	org.netbeans.modules.j2eeapis/1 [1.38 11.2-d04fb24027334c4b6fd8397b5d0cdd33187a8f54]
	org.netbeans.modules.j2ee.dd/1 [1.46.0.2 2 11.2-d04fb24027334c4b6fd8397b5d0cdd33187a8f54]
	org.netbeans.modules.j2ee.core/0 [1.31 11.2-d04fb24027334c4b6fd8397b5d0cdd33187a8f54]
	org.netbeans.api.web.webmodule [1.44 11.2-d04fb24027334c4b6fd8397b5d0cdd33187a8f54]
	org.netbeans.modules.j2ee.api.ejbmodule [1.43 11.2-d04fb24027334c4b6fd8397b5d0cdd33187a8f54]
	org.netbeans.modules.j2eeserver/4 [1.117.0.1 1 11.2-d04fb24027334c4b6fd8397b5d0cdd33187a8f54]
	org.netbeans.modules.db.metadata.model/1 [1.17 11.2-d04fb24027334c4b6fd8397b5d0cdd33187a8f54]
	org.netbeans.modules.db/1 [1.72.0.30 30 11.2-d04fb24027334c4b6fd8397b5d0cdd33187a8f54]
	org.netbeans.modules.dbapi [1.40.0.30 11.2-d04fb24027334c4b6fd8397b5d0cdd33187a8f54]
	org.netbeans.modules.dbschema/1 [1.47.0.4.30 4 11.2-d04fb24027334c4b6fd8397b5d0cdd33187a8f54]
	org.netbeans.modules.javaee.injection [1.12 11.2-d04fb24027334c4b6fd8397b5d0cdd33187a8f54]
	org.netbeans.modules.j2ee.eclipselink/1 [1.38 11.2-d04fb24027334c4b6fd8397b5d0cdd33187a8f54]
	org.netbeans.modules.j2ee.persistence [1.60.0.1 1 11.2-d04fb24027334c4b6fd8397b5d0cdd33187a8f54]
	org.netbeans.modules.profiler.j2ee/1 [1.40 11.2-d04fb24027334c4b6fd8397b5d0cdd33187a8f54]
	org.netbeans.modules.profiler.freeform/1 [1.41 11.2-d04fb24027334c4b6fd8397b5d0cdd33187a8f54]
	org.netbeans.modules.parsing.ui [1.20.0.1 11.2-d04fb24027334c4b6fd8397b5d0cdd33187a8f54]
	org.netbeans.modules.parsing.nb [1.9.0.8.1 11.2-d04fb24027334c4b6fd8397b5d0cdd33187a8f54]
	org.netbeans.modules.notifications [1.14 11.2-d04fb24027334c4b6fd8397b5d0cdd33187a8f54]
	org.netbeans.core.netigso [1.37 11.2-d04fb24027334c4b6fd8397b5d0cdd33187a8f54]
	org.netbeans.modules.netbinox [1.47 11.2-d04fb24027334c4b6fd8397b5d0cdd33187a8f54]
	org.netbeans.insane/1 [1.35.0.1 1 11.2-d04fb24027334c4b6fd8397b5d0cdd33187a8f54]
	org.netbeans.modules.nbjunit/1 [1.94 11.2-d04fb24027334c4b6fd8397b5d0cdd33187a8f54]
	org.netbeans.modules.nbjavac.impl [2.0 191019]
	org.netbeans.modules.nbjavac [2.0 191019]
	org.eclipse.mylyn.commons.net [3.17.0 3.17.0.v20150706-2057]
	org.eclipse.mylyn.tasks.core [3.17.0 3.17.0.v20150828-2026]
	org.eclipse.core.jobs [3.5.100 3.5.100.v20110404]
	org.eclipse.mylyn.wikitext.core [2.6.0 2.6.0.v20150901-2143]
	org.netbeans.modules.bugtracking [1.115 11.2-d04fb24027334c4b6fd8397b5d0cdd33187a8f54]
	org.eclipse.equinox.common [3.6.0 3.6.0.v20110523]
	org.eclipse.core.runtime [3.7.0 3.7.0.v20110110]
	org.netbeans.modules.mylyn.util [1.42 11.2-d04fb24027334c4b6fd8397b5d0cdd33187a8f54]
	org.netbeans.modules.mercurial [1.48.0.42.1 11.2-d04fb24027334c4b6fd8397b5d0cdd33187a8f54]
	org.netbeans.modules.maven.spring/1 [1.35 11.2-d04fb24027334c4b6fd8397b5d0cdd33187a8f54]
	org.netbeans.modules.maven.coverage [1.29 11.2-d04fb24027334c4b6fd8397b5d0cdd33187a8f54]
	org.netbeans.modules.maven.repository/1 [1.48 11.2-d04fb24027334c4b6fd8397b5d0cdd33187a8f54]
	org.netbeans.modules.maven.graph/1 [1.38 11.2-d04fb24027334c4b6fd8397b5d0cdd33187a8f54]
	org.netbeans.modules.maven.grammar/1 [1.53.0.1 11.2-d04fb24027334c4b6fd8397b5d0cdd33187a8f54]
	org.netbeans.modules.maven.osgi/1 [1.41 11.2-d04fb24027334c4b6fd8397b5d0cdd33187a8f54]
	org.netbeans.modules.maven.refactoring [1.26 11.2-d04fb24027334c4b6fd8397b5d0cdd33187a8f54]
	org.netbeans.modules.maven.checkstyle [1.23 11.2-d04fb24027334c4b6fd8397b5d0cdd33187a8f54]
	org.netbeans.modules.maven.kit/1 [4.37 11.2-d04fb24027334c4b6fd8397b5d0cdd33187a8f54]
	org.netbeans.modules.maven.search [1.38 11.2-d04fb24027334c4b6fd8397b5d0cdd33187a8f54]
	org.netbeans.modules.maven.profiler/1 [1.38 11.2-d04fb24027334c4b6fd8397b5d0cdd33187a8f54]
	org.netbeans.modules.maven.persistence/1 [1.35 11.2-d04fb24027334c4b6fd8397b5d0cdd33187a8f54]
	org.netbeans.modules.junit.ui [1.11 11.2-d04fb24027334c4b6fd8397b5d0cdd33187a8f54]
	org.netbeans.modules.maven.junit.ui [1.11 11.2-d04fb24027334c4b6fd8397b5d0cdd33187a8f54]
	org.netbeans.modules.maven.junit/1 [1.40 11.2-d04fb24027334c4b6fd8397b5d0cdd33187a8f54]
	org.netbeans.modules.maven.hints/1 [1.46 11.2-d04fb24027334c4b6fd8397b5d0cdd33187a8f54]
	org.netbeans.modules.masterfs.windows [1.22 11.2-d04fb24027334c4b6fd8397b5d0cdd33187a8f54]
	org.netbeans.modules.masterfs.nio2 [1.21 11.2-d04fb24027334c4b6fd8397b5d0cdd33187a8f54]
	com.google.guava [15.0.0 15.0.0]
	org.netbeans.modules.lsp.client/0 [1.3 11.2-d04fb24027334c4b6fd8397b5d0cdd33187a8f54]
	org.netbeans.modules.bugtracking.commons [1.14 11.2-d04fb24027334c4b6fd8397b5d0cdd33187a8f54]
	org.netbeans.modules.localtasks [1.31 11.2-d04fb24027334c4b6fd8397b5d0cdd33187a8f54]
	org.netbeans.modules.localhistory [1.40 11.2-d04fb24027334c4b6fd8397b5d0cdd33187a8f54]
	org.netbeans.modules.lexer.nbbridge/1 [1.38.0.1 11.2-d04fb24027334c4b6fd8397b5d0cdd33187a8f54]
	org.netbeans.modules.languages.ini [1.31 11.2-d04fb24027334c4b6fd8397b5d0cdd33187a8f54]
	org.netbeans.modules.languages.apacheconf [1.22 11.2-d04fb24027334c4b6fd8397b5d0cdd33187a8f54]
	org.netbeans.modules.kotlin.editor [1.1 11.2-d04fb24027334c4b6fd8397b5d0cdd33187a8f54]
	org.netbeans.modules.keyring.fallback [1.14 11.2-d04fb24027334c4b6fd8397b5d0cdd33187a8f54]
	org.netbeans.modules.keyring.impl [1.30 11.2-d04fb24027334c4b6fd8397b5d0cdd33187a8f54]
	org.netbeans.modules.junit.ant.ui [1.11 11.2-d04fb24027334c4b6fd8397b5d0cdd33187a8f54]
	org.netbeans.modules.junit.ant [1.9 11.2-d04fb24027334c4b6fd8397b5d0cdd33187a8f54]
	org.netbeans.modules.javascript2.sdoc [1.4 11.2-d04fb24027334c4b6fd8397b5d0cdd33187a8f54]
	org.netbeans.modules.javascript2.requirejs [0.13 11.2-d04fb24027334c4b6fd8397b5d0cdd33187a8f54]
	org.netbeans.modules.javascript2.react [0.5 11.2-d04fb24027334c4b6fd8397b5d0cdd33187a8f54]
	org.netbeans.modules.javascript2.prototypejs [0.11 11.2-d04fb24027334c4b6fd8397b5d0cdd33187a8f54]
	org.netbeans.modules.javascript2.knockout [1.16 11.2-d04fb24027334c4b6fd8397b5d0cdd33187a8f54]
	org.netbeans.modules.javascript2.jsdoc [1.4 11.2-d04fb24027334c4b6fd8397b5d0cdd33187a8f54]
	org.netbeans.modules.javascript2.extjs [1.15 11.2-d04fb24027334c4b6fd8397b5d0cdd33187a8f54]
	org.netbeans.modules.javascript2.jquery [1.15 11.2-d04fb24027334c4b6fd8397b5d0cdd33187a8f54]
	org.netbeans.modules.javascript2.extdoc [1.4 11.2-d04fb24027334c4b6fd8397b5d0cdd33187a8f54]
	org.netbeans.modules.javascript2.jade/1 [0.12 11.2-d04fb24027334c4b6fd8397b5d0cdd33187a8f54]
	org.netbeans.modules.javascript2.kit/1 [0.19 11.2-d04fb24027334c4b6fd8397b5d0cdd33187a8f54]
	org.netbeans.modules.javascript.v8debug.ui/1 [1.5.0.1 11.2-d04fb24027334c4b6fd8397b5d0cdd33187a8f54]
	org.netbeans.modules.javafx2.platform [1.32 11.2-d04fb24027334c4b6fd8397b5d0cdd33187a8f54]
	org.netbeans.modules.javafx2.project [1.36 11.2-d04fb24027334c4b6fd8397b5d0cdd33187a8f54]
	org.netbeans.modules.javafx2.editor [1.27.0.12.5 11.2-d04fb24027334c4b6fd8397b5d0cdd33187a8f54]
	org.netbeans.modules.javafx2.scenebuilder [1.23 11.2-d04fb24027334c4b6fd8397b5d0cdd33187a8f54]
	org.netbeans.modules.javafx2.samples [1.23 11.2-d04fb24027334c4b6fd8397b5d0cdd33187a8f54]
	org.netbeans.modules.j2ee.eclipselinkmodelgen/1 [1.38 11.2-d04fb24027334c4b6fd8397b5d0cdd33187a8f54]
	org.netbeans.modules.j2ee.jpa.refactoring [1.37 11.2-d04fb24027334c4b6fd8397b5d0cdd33187a8f54]
	org.netbeans.modules.j2ee.jpa.verification [1.41 11.2-d04fb24027334c4b6fd8397b5d0cdd33187a8f54]
	org.netbeans.modules.db.dataview [1.39 11.2-d04fb24027334c4b6fd8397b5d0cdd33187a8f54]
	org.netbeans.modules.db.core [1.43 11.2-d04fb24027334c4b6fd8397b5d0cdd33187a8f54]
	org.netbeans.modules.db.sql.editor [1.42.0.30 11.2-d04fb24027334c4b6fd8397b5d0cdd33187a8f54]
	org.netbeans.modules.db.drivers [1.36 11.2-d04fb24027334c4b6fd8397b5d0cdd33187a8f54]
	org.netbeans.modules.db.sql.visualeditor/1 [2.37.0.30 11.2-d04fb24027334c4b6fd8397b5d0cdd33187a8f54]
	org.netbeans.modules.db.mysql [0.34.0.2 2 11.2-d04fb24027334c4b6fd8397b5d0cdd33187a8f54]
	org.netbeans.modules.derby [1.46 11.2-d04fb24027334c4b6fd8397b5d0cdd33187a8f54]
	org.netbeans.modules.db.kit [1.36 11.2-d04fb24027334c4b6fd8397b5d0cdd33187a8f54]
	org.netbeans.modules.j2ee.persistence.kit [1.38 11.2-d04fb24027334c4b6fd8397b5d0cdd33187a8f54]
	org.netbeans.modules.debugger.jpda.projects [1.46 11.2-d04fb24027334c4b6fd8397b5d0cdd33187a8f54]
	org.netbeans.modules.debugger.jpda.projectsui [1.9 11.2-d04fb24027334c4b6fd8397b5d0cdd33187a8f54]
	org.netbeans.modules.debugger.jpda/2 [1.113.0.80 80 11.2-d04fb24027334c4b6fd8397b5d0cdd33187a8f54]
	org.netbeans.modules.debugger.jpda.ui/1 [1.60 11.2-d04fb24027334c4b6fd8397b5d0cdd33187a8f54]
	org.netbeans.modules.debugger.jpda.visual/1 [1.23 11.2-d04fb24027334c4b6fd8397b5d0cdd33187a8f54]
	org.netbeans.modules.debugger.jpda.js/1 [1.16 11.2-d04fb24027334c4b6fd8397b5d0cdd33187a8f54]
	org.netbeans.modules.debugger.jpda.jsui/1 [1.6 11.2-d04fb24027334c4b6fd8397b5d0cdd33187a8f54]
	org.netbeans.modules.debugger.jpda.kit [1.21 11.2-d04fb24027334c4b6fd8397b5d0cdd33187a8f54]
	org.netbeans.modules.java.guards/0 [0.37 11.2-d04fb24027334c4b6fd8397b5d0cdd33187a8f54]
	org.netbeans.modules.java.source.queries [1.24 11.2-d04fb24027334c4b6fd8397b5d0cdd33187a8f54]
	org.netbeans.modules.form/2 [1.63.0.4 4 11.2-d04fb24027334c4b6fd8397b5d0cdd33187a8f54]
	org.netbeans.modules.form.nb/0 [0.24.0.1.4 1 11.2-d04fb24027334c4b6fd8397b5d0cdd33187a8f54]
	org.netbeans.modules.i18n.form/2 [1.56.0.4.1 11.2-d04fb24027334c4b6fd8397b5d0cdd33187a8f54]
	org.netbeans.modules.form.refactoring/0 [0.23.0.1.4.1 1 11.2-d04fb24027334c4b6fd8397b5d0cdd33187a8f54]
	org.netbeans.modules.form.kit [1.34 11.2-d04fb24027334c4b6fd8397b5d0cdd33187a8f54]
	org.netbeans.modules.javafx2.kit [1.23 11.2-d04fb24027334c4b6fd8397b5d0cdd33187a8f54]
	org.netbeans.modules.java.source.queriesimpl [1.23 11.2-d04fb24027334c4b6fd8397b5d0cdd33187a8f54]
	org.netbeans.modules.java.source.nbjavac [1.6.0.1.3.25.5.1 1 11.2-d04fb24027334c4b6fd8397b5d0cdd33187a8f54]
	org.netbeans.modules.java.source.compat8 [9.9 11.2-d04fb24027334c4b6fd8397b5d0cdd33187a8f54]
	org.netbeans.modules.java.metrics [1.14 11.2-d04fb24027334c4b6fd8397b5d0cdd33187a8f54]
	org.netbeans.modules.java.lsp.server [1.0.1.6.1.12.1.17.1.13 1 11.2-d04fb24027334c4b6fd8397b5d0cdd33187a8f54]
	org.netbeans.modules.java.j2semodule [1.8 11.2-d04fb24027334c4b6fd8397b5d0cdd33187a8f54]
	org.netbeans.modules.ide.ergonomics [1.33 11.2-d04fb24027334c4b6fd8397b5d0cdd33187a8f54]
	org.netbeans.modules.autoupdate.pluginimporter [1.26 11.2-d04fb24027334c4b6fd8397b5d0cdd33187a8f54]
	org.netbeans.modules.deadlock.detector [1.12 11.2-d04fb24027334c4b6fd8397b5d0cdd33187a8f54]
	org.netbeans.modules.ide.branding/1 [1.38 11.2-d04fb24027334c4b6fd8397b5d0cdd33187a8f54]
	org.netbeans.modules.ide.branding.kit [1.34 11.2-d04fb24027334c4b6fd8397b5d0cdd33187a8f54]
	org.netbeans.libs.commons_net/2 [2.28.0.36 36 11.2-d04fb24027334c4b6fd8397b5d0cdd33187a8f54]
	org.netbeans.modules.hudson [2.19 11.2-d04fb24027334c4b6fd8397b5d0cdd33187a8f54]
	org.netbeans.modules.hudson.ui [1.17 11.2-d04fb24027334c4b6fd8397b5d0cdd33187a8f54]
	org.netbeans.modules.hudson.tasklist [1.23 11.2-d04fb24027334c4b6fd8397b5d0cdd33187a8f54]
	org.netbeans.modules.hudson.subversion [1.35 11.2-d04fb24027334c4b6fd8397b5d0cdd33187a8f54]
	org.netbeans.modules.hudson.mercurial [1.35 11.2-d04fb24027334c4b6fd8397b5d0cdd33187a8f54]
	org.netbeans.modules.hudson.maven [1.35 11.2-d04fb24027334c4b6fd8397b5d0cdd33187a8f54]
	org.netbeans.modules.hudson.git [1.24 11.2-d04fb24027334c4b6fd8397b5d0cdd33187a8f54]
	org.netbeans.modules.hudson.ant [1.33 11.2-d04fb24027334c4b6fd8397b5d0cdd33187a8f54]
	org.netbeans.api.knockout [1.7 11.2-d04fb24027334c4b6fd8397b5d0cdd33187a8f54]
	org.netbeans.modules.html.knockout [1.16 11.2-d04fb24027334c4b6fd8397b5d0cdd33187a8f54]
	org.netbeans.modules.html.ojet [0.14 11.2-d04fb24027334c4b6fd8397b5d0cdd33187a8f54]
	org.netbeans.modules.html.custom [1.12 11.2-d04fb24027334c4b6fd8397b5d0cdd33187a8f54]
	org.netbeans.core.browser/1 [1.34.0.1 1 11.2-d04fb24027334c4b6fd8397b5d0cdd33187a8f54]
	org.netbeans.modules.html.angular [1.18 11.2-d04fb24027334c4b6fd8397b5d0cdd33187a8f54]
	org.eclipse.jgit [3.6.2 3.6.2.201501210735-r]
	org.netbeans.libs.jna.platform/2 [2.1 11.2-d04fb24027334c4b6fd8397b5d0cdd33187a8f54]
	org.netbeans.libs.jsch.agentproxy/1 [0.20 11.2-d04fb24027334c4b6fd8397b5d0cdd33187a8f54]
	org.netbeans.libs.git/1 [1.39 11.2-d04fb24027334c4b6fd8397b5d0cdd33187a8f54]
	org.netbeans.modules.git [1.28.0.1 11.2-d04fb24027334c4b6fd8397b5d0cdd33187a8f54]
	org.apache.commons.io [1.4 1.4]
	org.netbeans.modules.extexecution.process [1.33 11.2-d04fb24027334c4b6fd8397b5d0cdd33187a8f54]
	org.netbeans.modules.extexecution.impl [1.31 11.2-d04fb24027334c4b6fd8397b5d0cdd33187a8f54]
	org.netbeans.modules.editor.mimelookup.impl/1 [1.38 11.2-d04fb24027334c4b6fd8397b5d0cdd33187a8f54]
	org.netbeans.modules.editor.htmlui [1.5 11.2-d04fb24027334c4b6fd8397b5d0cdd33187a8f54]
	org.netbeans.modules.editor.global.format/1 [1.21.0.1 1 11.2-d04fb24027334c4b6fd8397b5d0cdd33187a8f54]
	libs.c.kohlschutter.junixsocket/1 [2.21 11.2-d04fb24027334c4b6fd8397b5d0cdd33187a8f54]
	org.netbeans.modules.docker.api/0 [1.26 11.2-d04fb24027334c4b6fd8397b5d0cdd33187a8f54]
	org.netbeans.modules.docker.ui/0 [1.6 11.2-d04fb24027334c4b6fd8397b5d0cdd33187a8f54]
	org.netbeans.modules.docker.editor/0 [1.6 11.2-d04fb24027334c4b6fd8397b5d0cdd33187a8f54]
	org.netbeans.modules.dlight.nativeexecution.nb [1.6 11.2-d04fb24027334c4b6fd8397b5d0cdd33187a8f54]
	org.netbeans.modules.debugger.jpda.trufflenode/1 [1.3 11.2-d04fb24027334c4b6fd8397b5d0cdd33187a8f54]
	org.netbeans.libs.graalsdk [1.2 11.2-d04fb24027334c4b6fd8397b5d0cdd33187a8f54]
	org.netbeans.libs.truffleapi [1.3 11.2-d04fb24027334c4b6fd8397b5d0cdd33187a8f54]
	org.netbeans.modules.debugger.jpda.truffle/1 [1.3 11.2-d04fb24027334c4b6fd8397b5d0cdd33187a8f54]
	org.netbeans.modules.debugger.jpda.heapwalk/1 [1.37 11.2-d04fb24027334c4b6fd8397b5d0cdd33187a8f54]
	org.netbeans.modules.css.prep [1.36 11.2-d04fb24027334c4b6fd8397b5d0cdd33187a8f54]
	org.netbeans.modules.cordova.platforms [1.42 11.2-d04fb24027334c4b6fd8397b5d0cdd33187a8f54]
	org.netbeans.modules.cordova.platforms.android [1.32 11.2-d04fb24027334c4b6fd8397b5d0cdd33187a8f54]
	org.netbeans.modules.cordova [1.39 11.2-d04fb24027334c4b6fd8397b5d0cdd33187a8f54]
	org.eclipse.mylyn.bugzilla.core [3.17.0 3.17.0.v20150828-2026]
	org.apache.commons.httpclient [3.1.0 3.1.0]
	org.netbeans.modules.bugzilla [1.83 11.2-d04fb24027334c4b6fd8397b5d0cdd33187a8f54]
	org.netbeans.modules.bugzilla.exceptionreporter [1.30 11.2-d04fb24027334c4b6fd8397b5d0cdd33187a8f54]
	org.netbeans.modules.bugtracking.bridge [1.51 11.2-d04fb24027334c4b6fd8397b5d0cdd33187a8f54]
	org.netbeans.modules.ant.hints/1 [1.0 11.2-d04fb24027334c4b6fd8397b5d0cdd33187a8f54]
	org.netbeans.modules.ant.grammar/1 [1.50 11.2-d04fb24027334c4b6fd8397b5d0cdd33187a8f54]
	org.netbeans.libs.svnClientAdapter.javahl/1 [1.30 11.2-d04fb24027334c4b6fd8397b5d0cdd33187a8f54]
	org.netbeans.libs.graaljs/1 [1.2 11.2-d04fb24027334c4b6fd8397b5d0cdd33187a8f54]
	org.netbeans.libs.freemarker/1 [2.40.0.238 238 11.2-d04fb24027334c4b6fd8397b5d0cdd33187a8f54]
	org.netbeans.core.network [1.18 11.2-d04fb24027334c4b6fd8397b5d0cdd33187a8f54]
	org.netbeans.core.nativeaccess/1 [1.37 11.2-d04fb24027334c4b6fd8397b5d0cdd33187a8f54]
	org.netbeans.core.io.ui/1 [1.36 11.2-d04fb24027334c4b6fd8397b5d0cdd33187a8f54]
	org.netbeans.api.progress.compat8 [1.53 11.2-d04fb24027334c4b6fd8397b5d0cdd33187a8f54]
	org.eclipse.mylyn.commons.xmlrpc [3.17.0 3.17.0.v20150625-2042]
	org.eclipse.mylyn.commons.repositories.core [1.9.0 1.9.0.v20150625-2042]
	org.eclipse.mylyn.commons.core [3.17.0 3.17.0.v20150625-2042]
	org.eclipse.equinox.security [1.1.1 1.1.1.R37x_v20110822-1018]
	org.eclipse.equinox.registry [3.5.200 3.5.200.v20120522-1841]
	org.eclipse.equinox.preferences [3.4.2 3.4.2.v20120111-2020]
	org.eclipse.equinox.app [1.3.100 1.3.100.v20110321]
	org.eclipse.core.runtime.compatibility.auth [3.2.200 3.2.200.v20110110]
	org.eclipse.core.net [1.2.100 1.2.100.I20110511-0800]
	org.eclipse.core.contenttype [3.4.100 3.4.100.v20110423-0524]
	org.apache.xmlrpc [3.0.0 3.0.0]
	org.apache.ws.commons.util [1.0.1 1.0.1]
	org.apache.commons.lang [2.6 2.6]
	com.revivius.nb.darcula [2.0 2.0 201905120541]
	com.junichi11.netbeans.modules.rainbow.braces [1.2.0 190522]
	com.jcraft.jzlib [1.0.7 1.0.7]
	com.googlecode.javaewah.JavaEWAH [0.7.9 0.7.9]
INFO [org.netbeans.core.netigso.Netigso]: bundle org.eclipse.mylyn.wikitext.markdown.core@2.6.0.v20150901-2143 resolved
INFO [org.netbeans.core.netigso.Netigso]: bundle org.eclipse.mylyn.wikitext.textile.core@2.6.0.v20150901-2143 resolved
INFO [org.netbeans.core.netigso.Netigso]: bundle org.eclipse.mylyn.wikitext.confluence.core@2.6.0.v20150901-2143 resolved
INFO [org.netbeans.core.netigso.Netigso]: bundle net.java.html.boot.fx@1.6.1 resolved
INFO [org.netbeans.core.netigso.Netigso]: bundle net.java.html.boot@1.6.1 resolved
INFO [org.netbeans.core.netigso.Netigso]: bundle org.netbeans.html.ko4j@1.6.1 resolved
INFO [org.netbeans.core.netigso.Netigso]: bundle net.java.html@1.6.1 resolved
INFO [org.netbeans.core.netigso.Netigso]: bundle net.java.html.json@1.6.1 resolved
INFO [org.netbeans.core.netigso.Netigso]: bundle net.java.html.geo@1.6.1 resolved
INFO [org.netbeans.core.netigso.Netigso]: bundle net.java.html.sound@1.6.1 resolved
INFO [org.netbeans.core.netigso.Netigso]: bundle net.java.html.boot.script@1.6.1 resolved
INFO [org.netbeans.core.netigso.Netigso]: bundle org.netbeans.html.xhr4j@1.6.1 resolved
INFO [org.netbeans.core.netigso.Netigso]: bundle org.eclipse.jgit.java7@3.6.2.201501210735-r resolved
INFO [org.netbeans.core.netigso.Netigso]: bundle org.eclipse.osgi@3.9.1.v20140110-1610 started
WARNING [org.netbeans.modules.java.j2seplatform.libraries.J2SELibraryTypeProvider]: Can not resolve URL: nbinst://org.netbeans.modules.j2ee.eclipselink/modules/ext/docs/javax.persistence-2.1.0-doc.zip
INFO [org.netbeans.core.network.proxy.NetworkProxyReloader]: System network proxy resolver: Windows
INFO [org.netbeans.core.network.proxy.windows.WindowsNetworkProxy]: Windows system proxy resolver: auto detect
INFO [org.netbeans.core.network.proxy.NetworkProxyReloader]: System network proxy reloading succeeded.
INFO [org.netbeans.core.network.proxy.NetworkProxyReloader]: System network proxy - mode: direct
INFO [org.netbeans.core.network.proxy.NetworkProxyReloader]: System network proxy: fell to default (correct if direct mode went before)
Diagnostic information
Input arguments:
	-Dnetbeans.importclass=org.netbeans.upgrade.AutoUpgrade
	-XX:+UseStringDeduplication
	-Djdk.lang.Process.allowAmbiguousCommands=true
	-Xss2m
	-Djdk.gtk.version=2.2
	-Dapple.laf.useScreenMenuBar=true
	-Dapple.awt.graphics.UseQuartz=true
	-Dsun.java2d.noddraw=true
	-Dsun.java2d.dpiaware=true
	-Dsun.zip.disableMemoryMapping=true
	-Dplugin.manager.check.updates=false
	-Dnetbeans.extbrowser.manual_chrome_plugin_install=yes
	--add-opens=java.base/java.net=ALL-UNNAMED
	--add-opens=java.base/java.lang.ref=ALL-UNNAMED
	--add-opens=java.base/java.lang=ALL-UNNAMED
	--add-opens=java.base/java.security=ALL-UNNAMED
	--add-opens=java.base/java.util=ALL-UNNAMED
	--add-opens=java.desktop/javax.swing.plaf.basic=ALL-UNNAMED
	--add-opens=java.desktop/javax.swing.text=ALL-UNNAMED
	--add-opens=java.desktop/javax.swing=ALL-UNNAMED
	--add-opens=java.desktop/java.awt=ALL-UNNAMED
	--add-opens=java.desktop/java.awt.event=ALL-UNNAMED
	--add-opens=java.prefs/java.util.prefs=ALL-UNNAMED
	--add-opens=jdk.jshell/jdk.jshell=ALL-UNNAMED
	--add-modules=jdk.jshell
	--add-exports=java.desktop/sun.awt=ALL-UNNAMED
	--add-exports=java.desktop/java.awt.peer=ALL-UNNAMED
	--add-exports=java.desktop/com.sun.beans.editors=ALL-UNNAMED
	--add-exports=java.desktop/sun.swing=ALL-UNNAMED
	--add-exports=java.desktop/sun.awt.im=ALL-UNNAMED
	--add-exports=jdk.internal.jvmstat/sun.jvmstat.monitor=ALL-UNNAMED
	--add-exports=java.management/sun.management=ALL-UNNAMED
	--add-exports=java.base/sun.reflect.annotation=ALL-UNNAMED
	--add-exports=jdk.javadoc/com.sun.tools.javadoc.main=ALL-UNNAMED
	-XX:+IgnoreUnrecognizedVMOptions
	-Djdk.home=./jdks/jdk8
	-Dnetbeans.home=C:\Users\tpedroso\Desktop\PortableNetbeans\netbeans\platform
	-Dnetbeans.user=C:\Users\tpedroso\Desktop\PortableNetbeans\user\
	-Dnetbeans.default_userdir_root=C:\Users\tpedroso\AppData\Roaming\NetBeans
	-XX:+HeapDumpOnOutOfMemoryError
	-XX:HeapDumpPath=C:\Users\tpedroso\Desktop\PortableNetbeans\user\\var\log\heapdump.hprof
	-Dsun.awt.keepWorkingSetOnMinimize=true
	-Dnetbeans.dirs=C:\Users\tpedroso\Desktop\PortableNetbeans\netbeans\nb;C:\Users\tpedroso\Desktop\PortableNetbeans\netbeans\ergonomics;C:\Users\tpedroso\Desktop\PortableNetbeans\netbeans\ide;C:\Users\tpedroso\Desktop\PortableNetbeans\netbeans\extide;C:\Users\tpedroso\Desktop\PortableNetbeans\netbeans\java;C:\Users\tpedroso\Desktop\PortableNetbeans\netbeans\apisupport;C:\Users\tpedroso\Desktop\PortableNetbeans\netbeans\webcommon;C:\Users\tpedroso\Desktop\PortableNetbeans\netbeans\websvccommon;C:\Users\tpedroso\Desktop\PortableNetbeans\netbeans\enterprise;C:\Users\tpedroso\Desktop\PortableNetbeans\netbeans\mobility;C:\Users\tpedroso\Desktop\PortableNetbeans\netbeans\profiler;C:\Users\tpedroso\Desktop\PortableNetbeans\netbeans\python;C:\Users\tpedroso\Desktop\PortableNetbeans\netbeans\php;C:\Users\tpedroso\Desktop\PortableNetbeans\netbeans\identity;C:\Users\tpedroso\Desktop\PortableNetbeans\netbeans\harness;C:\Users\tpedroso\Desktop\PortableNetbeans\netbeans\cnd;C:\Users\tpedroso\Desktop\PortableNetbeans\netbeans\cndext;C:\Users\tpedroso\Desktop\PortableNetbeans\netbeans\dlight;C:\Users\tpedroso\Desktop\PortableNetbeans\netbeans\groovy;C:\Users\tpedroso\Desktop\PortableNetbeans\netbeans\extra;C:\Users\tpedroso\Desktop\PortableNetbeans\netbeans\javacard;C:\Users\tpedroso\Desktop\PortableNetbeans\netbeans\javafx
	exit
Compiler: HotSpot 64-Bit Tiered Compilers
Heap memory usage: initial 256,0MB maximum 3618,0MB
Non heap memory usage: initial 2,4MB maximum -1b
Garbage collector: PS Scavenge (Collections=10 Total time spent=0s)
Garbage collector: PS MarkSweep (Collections=2 Total time spent=0s)
Classes: loaded=7579 total loaded=7579 unloaded 0
INFO [org.netbeans.core.ui.warmup.DiagnosticTask]: Total memory 17.066.430.464
WARNING [org.netbeans.JarClassLoader]: Opening C:\Users\tpedroso\Desktop\PortableNetbeans\netbeans\ide\modules\org-netbeans-modules-lsp-client.jar took 776 ms
INFO [org.netbeans.core.netigso.Netigso]: bundle org.eclipse.osgi@3.9.1.v20140110-1610 256
INFO [org.netbeans.core.netigso.Netigso]: bundle org.eclipse.osgi@3.9.1.v20140110-1610 stopped
INFO [null]: Last record repeated again.
